13:32:16 INFO  : Launching XSCT server: xsct.bat -n  -interactive D:\FPGA\MicroBlaze_Button\MicroBlaze_Button_vitis\temp_xsdb_launch_script.tcl
13:32:17 INFO  : Registering command handlers for Vitis TCF services
13:32:21 INFO  : Platform repository initialization has completed.
13:32:21 INFO  : XSCT server has started successfully.
13:32:21 INFO  : plnx-install-location is set to ''
13:32:22 INFO  : Successfully done setting XSCT server connection channel  
13:32:22 INFO  : Successfully done query RDI_DATADIR 
13:32:22 INFO  : Successfully done setting workspace for the tool. 
13:33:23 INFO  : Result from executing command 'getProjects': design_MicroBlazeButton_wrapper
13:33:23 INFO  : Result from executing command 'getPlatforms': 
13:33:23 INFO  : Platform 'design_MicroBlazeButton_wrapper' is added to custom repositories.
13:33:26 INFO  : Platform 'design_MicroBlazeButton_wrapper' is added to custom repositories.
13:43:33 INFO  : Result from executing command 'getProjects': design_MicroBlazeButton_wrapper
13:43:33 INFO  : Result from executing command 'getPlatforms': design_MicroBlazeButton_wrapper|D:/FPGA/MicroBlaze_Button/MicroBlaze_Button_vitis/design_MicroBlazeButton_wrapper/export/design_MicroBlazeButton_wrapper/design_MicroBlazeButton_wrapper.xpfm
13:43:34 INFO  : Checking for BSP changes to sync application flags for project 'MicroBlaze_Button'...
13:43:55 INFO  : Checking for BSP changes to sync application flags for project 'MicroBlaze_Button'...
13:44:05 INFO  : Connected to target on host '127.0.0.1' and port '3121'.
13:44:05 INFO  : Jtag cable 'Digilent Basys3 210183B31B50A' is selected.
13:44:05 INFO  : 'jtag frequency' command is executed.
13:44:05 INFO  : 'targets -set -filter {jtag_cable_name =~ "Digilent Basys3 210183B31B50A" && level==0 && jtag_device_ctx=="jsn-Basys3-210183B31B50A-0362d093-0"}' command is executed.
13:44:07 INFO  : FPGA configured successfully with bitstream "D:/FPGA/MicroBlaze_Button/MicroBlaze_Button_vitis/MicroBlaze_Button/_ide/bitstream/design_MicroBlazeButton_wrapper.bit"
13:44:07 INFO  : Context for processor 'microblaze_0' is selected.
13:44:07 INFO  : Hardware design and registers information is loaded from 'D:/FPGA/MicroBlaze_Button/MicroBlaze_Button_vitis/design_MicroBlazeButton_wrapper/export/design_MicroBlazeButton_wrapper/hw/design_MicroBlazeButton_wrapper.xsa'.
13:44:07 INFO  : 'configparams mdm-detect-bscan-mask 2' command is executed.
13:44:07 INFO  : Context for processor 'microblaze_0' is selected.
13:44:07 INFO  : System reset is completed.
13:44:10 INFO  : 'after 3000' command is executed.
13:44:10 INFO  : Context for processor 'microblaze_0' is selected.
13:44:10 INFO  : The application 'D:/FPGA/MicroBlaze_Button/MicroBlaze_Button_vitis/MicroBlaze_Button/Debug/MicroBlaze_Button.elf' is downloaded to processor 'microblaze_0'.
13:44:10 INFO  : ----------------XSDB Script----------------
connect -url tcp:127.0.0.1:3121
targets -set -filter {jtag_cable_name =~ "Digilent Basys3 210183B31B50A" && level==0 && jtag_device_ctx=="jsn-Basys3-210183B31B50A-0362d093-0"}
fpga -file D:/FPGA/MicroBlaze_Button/MicroBlaze_Button_vitis/MicroBlaze_Button/_ide/bitstream/design_MicroBlazeButton_wrapper.bit
targets -set -nocase -filter {name =~ "*microblaze*#0" && bscan=="USER2" }
loadhw -hw D:/FPGA/MicroBlaze_Button/MicroBlaze_Button_vitis/design_MicroBlazeButton_wrapper/export/design_MicroBlazeButton_wrapper/hw/design_MicroBlazeButton_wrapper.xsa -regs
configparams mdm-detect-bscan-mask 2
targets -set -nocase -filter {name =~ "*microblaze*#0" && bscan=="USER2" }
rst -system
after 3000
targets -set -nocase -filter {name =~ "*microblaze*#0" && bscan=="USER2" }
dow D:/FPGA/MicroBlaze_Button/MicroBlaze_Button_vitis/MicroBlaze_Button/Debug/MicroBlaze_Button.elf
----------------End of Script----------------

13:44:10 INFO  : Context for processor 'microblaze_0' is selected.
13:44:10 INFO  : 'con' command is executed.
13:44:10 INFO  : ----------------XSDB Script (After Launch)----------------
targets -set -nocase -filter {name =~ "*microblaze*#0" && bscan=="USER2" }
con
----------------End of Script----------------

13:44:10 INFO  : Launch script is exported to file 'D:\FPGA\MicroBlaze_Button\MicroBlaze_Button_vitis\.sdk\launch_scripts\single_application_debug\systemdebugger_microblaze_button_system_standalone.tcl'
14:03:23 INFO  : Checking for BSP changes to sync application flags for project 'MicroBlaze_Button'...
14:03:48 INFO  : Checking for BSP changes to sync application flags for project 'MicroBlaze_Button'...
14:04:02 INFO  : Disconnected from the channel tcfchan#2.
14:04:02 INFO  : Connected to target on host '127.0.0.1' and port '3121'.
14:04:02 INFO  : Jtag cable 'Digilent Basys3 210183B31B50A' is selected.
14:04:02 INFO  : 'jtag frequency' command is executed.
14:04:02 INFO  : 'targets -set -filter {jtag_cable_name =~ "Digilent Basys3 210183B31B50A" && level==0 && jtag_device_ctx=="jsn-Basys3-210183B31B50A-0362d093-0"}' command is executed.
14:04:03 INFO  : FPGA configured successfully with bitstream "D:/FPGA/MicroBlaze_Button/MicroBlaze_Button_vitis/MicroBlaze_Button/_ide/bitstream/design_MicroBlazeButton_wrapper.bit"
14:04:03 INFO  : Context for processor 'microblaze_0' is selected.
14:04:03 INFO  : Hardware design and registers information is loaded from 'D:/FPGA/MicroBlaze_Button/MicroBlaze_Button_vitis/design_MicroBlazeButton_wrapper/export/design_MicroBlazeButton_wrapper/hw/design_MicroBlazeButton_wrapper.xsa'.
14:04:03 INFO  : 'configparams mdm-detect-bscan-mask 2' command is executed.
14:04:03 INFO  : Context for processor 'microblaze_0' is selected.
14:04:03 INFO  : System reset is completed.
14:04:06 INFO  : 'after 3000' command is executed.
14:04:07 INFO  : Context for processor 'microblaze_0' is selected.
14:04:07 INFO  : The application 'D:/FPGA/MicroBlaze_Button/MicroBlaze_Button_vitis/MicroBlaze_Button/Debug/MicroBlaze_Button.elf' is downloaded to processor 'microblaze_0'.
14:04:07 INFO  : ----------------XSDB Script----------------
connect -url tcp:127.0.0.1:3121
targets -set -filter {jtag_cable_name =~ "Digilent Basys3 210183B31B50A" && level==0 && jtag_device_ctx=="jsn-Basys3-210183B31B50A-0362d093-0"}
fpga -file D:/FPGA/MicroBlaze_Button/MicroBlaze_Button_vitis/MicroBlaze_Button/_ide/bitstream/design_MicroBlazeButton_wrapper.bit
targets -set -nocase -filter {name =~ "*microblaze*#0" && bscan=="USER2" }
loadhw -hw D:/FPGA/MicroBlaze_Button/MicroBlaze_Button_vitis/design_MicroBlazeButton_wrapper/export/design_MicroBlazeButton_wrapper/hw/design_MicroBlazeButton_wrapper.xsa -regs
configparams mdm-detect-bscan-mask 2
targets -set -nocase -filter {name =~ "*microblaze*#0" && bscan=="USER2" }
rst -system
after 3000
targets -set -nocase -filter {name =~ "*microblaze*#0" && bscan=="USER2" }
dow D:/FPGA/MicroBlaze_Button/MicroBlaze_Button_vitis/MicroBlaze_Button/Debug/MicroBlaze_Button.elf
----------------End of Script----------------

14:04:07 INFO  : Context for processor 'microblaze_0' is selected.
14:04:07 INFO  : 'con' command is executed.
14:04:07 INFO  : ----------------XSDB Script (After Launch)----------------
targets -set -nocase -filter {name =~ "*microblaze*#0" && bscan=="USER2" }
con
----------------End of Script----------------

14:04:07 INFO  : Launch script is exported to file 'D:\FPGA\MicroBlaze_Button\MicroBlaze_Button_vitis\.sdk\launch_scripts\single_application_debug\systemdebugger_microblaze_button_system_standalone.tcl'
14:05:15 INFO  : Checking for BSP changes to sync application flags for project 'MicroBlaze_Button'...
14:05:26 INFO  : Disconnected from the channel tcfchan#3.
14:05:26 INFO  : Connected to target on host '127.0.0.1' and port '3121'.
14:05:26 INFO  : Jtag cable 'Digilent Basys3 210183B31B50A' is selected.
14:05:26 INFO  : 'jtag frequency' command is executed.
14:05:26 INFO  : 'targets -set -filter {jtag_cable_name =~ "Digilent Basys3 210183B31B50A" && level==0 && jtag_device_ctx=="jsn-Basys3-210183B31B50A-0362d093-0"}' command is executed.
14:05:27 INFO  : FPGA configured successfully with bitstream "D:/FPGA/MicroBlaze_Button/MicroBlaze_Button_vitis/MicroBlaze_Button/_ide/bitstream/design_MicroBlazeButton_wrapper.bit"
14:05:28 INFO  : Context for processor 'microblaze_0' is selected.
14:05:28 INFO  : Hardware design and registers information is loaded from 'D:/FPGA/MicroBlaze_Button/MicroBlaze_Button_vitis/design_MicroBlazeButton_wrapper/export/design_MicroBlazeButton_wrapper/hw/design_MicroBlazeButton_wrapper.xsa'.
14:05:28 INFO  : 'configparams mdm-detect-bscan-mask 2' command is executed.
14:05:28 INFO  : Context for processor 'microblaze_0' is selected.
14:05:28 INFO  : System reset is completed.
14:05:31 INFO  : 'after 3000' command is executed.
14:05:31 INFO  : Context for processor 'microblaze_0' is selected.
14:05:31 INFO  : The application 'D:/FPGA/MicroBlaze_Button/MicroBlaze_Button_vitis/MicroBlaze_Button/Debug/MicroBlaze_Button.elf' is downloaded to processor 'microblaze_0'.
14:05:31 INFO  : ----------------XSDB Script----------------
connect -url tcp:127.0.0.1:3121
targets -set -filter {jtag_cable_name =~ "Digilent Basys3 210183B31B50A" && level==0 && jtag_device_ctx=="jsn-Basys3-210183B31B50A-0362d093-0"}
fpga -file D:/FPGA/MicroBlaze_Button/MicroBlaze_Button_vitis/MicroBlaze_Button/_ide/bitstream/design_MicroBlazeButton_wrapper.bit
targets -set -nocase -filter {name =~ "*microblaze*#0" && bscan=="USER2" }
loadhw -hw D:/FPGA/MicroBlaze_Button/MicroBlaze_Button_vitis/design_MicroBlazeButton_wrapper/export/design_MicroBlazeButton_wrapper/hw/design_MicroBlazeButton_wrapper.xsa -regs
configparams mdm-detect-bscan-mask 2
targets -set -nocase -filter {name =~ "*microblaze*#0" && bscan=="USER2" }
rst -system
after 3000
targets -set -nocase -filter {name =~ "*microblaze*#0" && bscan=="USER2" }
dow D:/FPGA/MicroBlaze_Button/MicroBlaze_Button_vitis/MicroBlaze_Button/Debug/MicroBlaze_Button.elf
----------------End of Script----------------

14:05:31 INFO  : Context for processor 'microblaze_0' is selected.
14:05:31 INFO  : 'con' command is executed.
14:05:31 INFO  : ----------------XSDB Script (After Launch)----------------
targets -set -nocase -filter {name =~ "*microblaze*#0" && bscan=="USER2" }
con
----------------End of Script----------------

14:05:31 INFO  : Launch script is exported to file 'D:\FPGA\MicroBlaze_Button\MicroBlaze_Button_vitis\.sdk\launch_scripts\single_application_debug\systemdebugger_microblaze_button_system_standalone.tcl'
14:05:58 INFO  : Checking for BSP changes to sync application flags for project 'MicroBlaze_Button'...
14:06:04 INFO  : Checking for BSP changes to sync application flags for project 'MicroBlaze_Button'...
14:06:11 INFO  : Disconnected from the channel tcfchan#4.
14:06:11 INFO  : Connected to target on host '127.0.0.1' and port '3121'.
14:06:11 INFO  : Jtag cable 'Digilent Basys3 210183B31B50A' is selected.
14:06:11 INFO  : 'jtag frequency' command is executed.
14:06:11 INFO  : 'targets -set -filter {jtag_cable_name =~ "Digilent Basys3 210183B31B50A" && level==0 && jtag_device_ctx=="jsn-Basys3-210183B31B50A-0362d093-0"}' command is executed.
14:06:13 INFO  : FPGA configured successfully with bitstream "D:/FPGA/MicroBlaze_Button/MicroBlaze_Button_vitis/MicroBlaze_Button/_ide/bitstream/design_MicroBlazeButton_wrapper.bit"
14:06:13 INFO  : Context for processor 'microblaze_0' is selected.
14:06:13 INFO  : Hardware design and registers information is loaded from 'D:/FPGA/MicroBlaze_Button/MicroBlaze_Button_vitis/design_MicroBlazeButton_wrapper/export/design_MicroBlazeButton_wrapper/hw/design_MicroBlazeButton_wrapper.xsa'.
14:06:13 INFO  : 'configparams mdm-detect-bscan-mask 2' command is executed.
14:06:13 INFO  : Context for processor 'microblaze_0' is selected.
14:06:13 INFO  : System reset is completed.
14:06:16 INFO  : 'after 3000' command is executed.
14:06:16 INFO  : Context for processor 'microblaze_0' is selected.
14:06:16 INFO  : The application 'D:/FPGA/MicroBlaze_Button/MicroBlaze_Button_vitis/MicroBlaze_Button/Debug/MicroBlaze_Button.elf' is downloaded to processor 'microblaze_0'.
14:06:16 INFO  : ----------------XSDB Script----------------
connect -url tcp:127.0.0.1:3121
targets -set -filter {jtag_cable_name =~ "Digilent Basys3 210183B31B50A" && level==0 && jtag_device_ctx=="jsn-Basys3-210183B31B50A-0362d093-0"}
fpga -file D:/FPGA/MicroBlaze_Button/MicroBlaze_Button_vitis/MicroBlaze_Button/_ide/bitstream/design_MicroBlazeButton_wrapper.bit
targets -set -nocase -filter {name =~ "*microblaze*#0" && bscan=="USER2" }
loadhw -hw D:/FPGA/MicroBlaze_Button/MicroBlaze_Button_vitis/design_MicroBlazeButton_wrapper/export/design_MicroBlazeButton_wrapper/hw/design_MicroBlazeButton_wrapper.xsa -regs
configparams mdm-detect-bscan-mask 2
targets -set -nocase -filter {name =~ "*microblaze*#0" && bscan=="USER2" }
rst -system
after 3000
targets -set -nocase -filter {name =~ "*microblaze*#0" && bscan=="USER2" }
dow D:/FPGA/MicroBlaze_Button/MicroBlaze_Button_vitis/MicroBlaze_Button/Debug/MicroBlaze_Button.elf
----------------End of Script----------------

14:06:16 INFO  : Context for processor 'microblaze_0' is selected.
14:06:16 INFO  : 'con' command is executed.
14:06:16 INFO  : ----------------XSDB Script (After Launch)----------------
targets -set -nocase -filter {name =~ "*microblaze*#0" && bscan=="USER2" }
con
----------------End of Script----------------

14:06:16 INFO  : Launch script is exported to file 'D:\FPGA\MicroBlaze_Button\MicroBlaze_Button_vitis\.sdk\launch_scripts\single_application_debug\systemdebugger_microblaze_button_system_standalone.tcl'
14:07:05 INFO  : Checking for BSP changes to sync application flags for project 'MicroBlaze_Button'...
14:07:53 INFO  : Checking for BSP changes to sync application flags for project 'MicroBlaze_Button'...
14:08:10 INFO  : Disconnected from the channel tcfchan#5.
14:08:10 INFO  : Connected to target on host '127.0.0.1' and port '3121'.
14:08:10 INFO  : Jtag cable 'Digilent Basys3 210183B31B50A' is selected.
14:08:10 INFO  : 'jtag frequency' command is executed.
14:08:10 INFO  : 'targets -set -filter {jtag_cable_name =~ "Digilent Basys3 210183B31B50A" && level==0 && jtag_device_ctx=="jsn-Basys3-210183B31B50A-0362d093-0"}' command is executed.
14:08:11 INFO  : FPGA configured successfully with bitstream "D:/FPGA/MicroBlaze_Button/MicroBlaze_Button_vitis/MicroBlaze_Button/_ide/bitstream/design_MicroBlazeButton_wrapper.bit"
14:08:11 INFO  : Context for processor 'microblaze_0' is selected.
14:08:11 INFO  : Hardware design and registers information is loaded from 'D:/FPGA/MicroBlaze_Button/MicroBlaze_Button_vitis/design_MicroBlazeButton_wrapper/export/design_MicroBlazeButton_wrapper/hw/design_MicroBlazeButton_wrapper.xsa'.
14:08:11 INFO  : 'configparams mdm-detect-bscan-mask 2' command is executed.
14:08:11 INFO  : Context for processor 'microblaze_0' is selected.
14:08:11 INFO  : System reset is completed.
14:08:14 INFO  : 'after 3000' command is executed.
14:08:14 INFO  : Context for processor 'microblaze_0' is selected.
14:08:14 INFO  : The application 'D:/FPGA/MicroBlaze_Button/MicroBlaze_Button_vitis/MicroBlaze_Button/Debug/MicroBlaze_Button.elf' is downloaded to processor 'microblaze_0'.
14:08:14 INFO  : ----------------XSDB Script----------------
connect -url tcp:127.0.0.1:3121
targets -set -filter {jtag_cable_name =~ "Digilent Basys3 210183B31B50A" && level==0 && jtag_device_ctx=="jsn-Basys3-210183B31B50A-0362d093-0"}
fpga -file D:/FPGA/MicroBlaze_Button/MicroBlaze_Button_vitis/MicroBlaze_Button/_ide/bitstream/design_MicroBlazeButton_wrapper.bit
targets -set -nocase -filter {name =~ "*microblaze*#0" && bscan=="USER2" }
loadhw -hw D:/FPGA/MicroBlaze_Button/MicroBlaze_Button_vitis/design_MicroBlazeButton_wrapper/export/design_MicroBlazeButton_wrapper/hw/design_MicroBlazeButton_wrapper.xsa -regs
configparams mdm-detect-bscan-mask 2
targets -set -nocase -filter {name =~ "*microblaze*#0" && bscan=="USER2" }
rst -system
after 3000
targets -set -nocase -filter {name =~ "*microblaze*#0" && bscan=="USER2" }
dow D:/FPGA/MicroBlaze_Button/MicroBlaze_Button_vitis/MicroBlaze_Button/Debug/MicroBlaze_Button.elf
----------------End of Script----------------

14:08:15 INFO  : Context for processor 'microblaze_0' is selected.
14:08:15 INFO  : 'con' command is executed.
14:08:15 INFO  : ----------------XSDB Script (After Launch)----------------
targets -set -nocase -filter {name =~ "*microblaze*#0" && bscan=="USER2" }
con
----------------End of Script----------------

14:08:15 INFO  : Launch script is exported to file 'D:\FPGA\MicroBlaze_Button\MicroBlaze_Button_vitis\.sdk\launch_scripts\single_application_debug\systemdebugger_microblaze_button_system_standalone.tcl'
14:09:31 INFO  : Checking for BSP changes to sync application flags for project 'MicroBlaze_Button'...
14:09:50 INFO  : Checking for BSP changes to sync application flags for project 'MicroBlaze_Button'...
14:10:15 INFO  : Disconnected from the channel tcfchan#6.
14:10:15 INFO  : Connected to target on host '127.0.0.1' and port '3121'.
14:10:15 INFO  : Jtag cable 'Digilent Basys3 210183B31B50A' is selected.
14:10:15 INFO  : 'jtag frequency' command is executed.
14:10:15 INFO  : 'targets -set -filter {jtag_cable_name =~ "Digilent Basys3 210183B31B50A" && level==0 && jtag_device_ctx=="jsn-Basys3-210183B31B50A-0362d093-0"}' command is executed.
14:10:17 INFO  : FPGA configured successfully with bitstream "D:/FPGA/MicroBlaze_Button/MicroBlaze_Button_vitis/MicroBlaze_Button/_ide/bitstream/design_MicroBlazeButton_wrapper.bit"
14:10:17 INFO  : Context for processor 'microblaze_0' is selected.
14:10:17 INFO  : Hardware design and registers information is loaded from 'D:/FPGA/MicroBlaze_Button/MicroBlaze_Button_vitis/design_MicroBlazeButton_wrapper/export/design_MicroBlazeButton_wrapper/hw/design_MicroBlazeButton_wrapper.xsa'.
14:10:17 INFO  : 'configparams mdm-detect-bscan-mask 2' command is executed.
14:10:17 INFO  : Context for processor 'microblaze_0' is selected.
14:10:17 INFO  : System reset is completed.
14:10:20 INFO  : 'after 3000' command is executed.
14:10:20 INFO  : Context for processor 'microblaze_0' is selected.
14:10:20 INFO  : The application 'D:/FPGA/MicroBlaze_Button/MicroBlaze_Button_vitis/MicroBlaze_Button/Debug/MicroBlaze_Button.elf' is downloaded to processor 'microblaze_0'.
14:10:20 INFO  : ----------------XSDB Script----------------
connect -url tcp:127.0.0.1:3121
targets -set -filter {jtag_cable_name =~ "Digilent Basys3 210183B31B50A" && level==0 && jtag_device_ctx=="jsn-Basys3-210183B31B50A-0362d093-0"}
fpga -file D:/FPGA/MicroBlaze_Button/MicroBlaze_Button_vitis/MicroBlaze_Button/_ide/bitstream/design_MicroBlazeButton_wrapper.bit
targets -set -nocase -filter {name =~ "*microblaze*#0" && bscan=="USER2" }
loadhw -hw D:/FPGA/MicroBlaze_Button/MicroBlaze_Button_vitis/design_MicroBlazeButton_wrapper/export/design_MicroBlazeButton_wrapper/hw/design_MicroBlazeButton_wrapper.xsa -regs
configparams mdm-detect-bscan-mask 2
targets -set -nocase -filter {name =~ "*microblaze*#0" && bscan=="USER2" }
rst -system
after 3000
targets -set -nocase -filter {name =~ "*microblaze*#0" && bscan=="USER2" }
dow D:/FPGA/MicroBlaze_Button/MicroBlaze_Button_vitis/MicroBlaze_Button/Debug/MicroBlaze_Button.elf
----------------End of Script----------------

14:10:20 INFO  : Context for processor 'microblaze_0' is selected.
14:10:20 INFO  : 'con' command is executed.
14:10:20 INFO  : ----------------XSDB Script (After Launch)----------------
targets -set -nocase -filter {name =~ "*microblaze*#0" && bscan=="USER2" }
con
----------------End of Script----------------

14:10:20 INFO  : Launch script is exported to file 'D:\FPGA\MicroBlaze_Button\MicroBlaze_Button_vitis\.sdk\launch_scripts\single_application_debug\systemdebugger_microblaze_button_system_standalone.tcl'
14:11:00 INFO  : Checking for BSP changes to sync application flags for project 'MicroBlaze_Button'...
14:16:42 INFO  : Checking for BSP changes to sync application flags for project 'MicroBlaze_Button'...
14:17:11 INFO  : Checking for BSP changes to sync application flags for project 'MicroBlaze_Button'...
14:17:21 INFO  : Disconnected from the channel tcfchan#7.
14:17:21 INFO  : Connected to target on host '127.0.0.1' and port '3121'.
14:17:21 INFO  : Jtag cable 'Digilent Basys3 210183B31B50A' is selected.
14:17:21 INFO  : 'jtag frequency' command is executed.
14:17:21 INFO  : 'targets -set -filter {jtag_cable_name =~ "Digilent Basys3 210183B31B50A" && level==0 && jtag_device_ctx=="jsn-Basys3-210183B31B50A-0362d093-0"}' command is executed.
14:17:22 INFO  : FPGA configured successfully with bitstream "D:/FPGA/MicroBlaze_Button/MicroBlaze_Button_vitis/MicroBlaze_Button/_ide/bitstream/design_MicroBlazeButton_wrapper.bit"
14:17:22 INFO  : Context for processor 'microblaze_0' is selected.
14:17:22 INFO  : Hardware design and registers information is loaded from 'D:/FPGA/MicroBlaze_Button/MicroBlaze_Button_vitis/design_MicroBlazeButton_wrapper/export/design_MicroBlazeButton_wrapper/hw/design_MicroBlazeButton_wrapper.xsa'.
14:17:22 INFO  : 'configparams mdm-detect-bscan-mask 2' command is executed.
14:17:22 INFO  : Context for processor 'microblaze_0' is selected.
14:17:23 INFO  : System reset is completed.
14:17:26 INFO  : 'after 3000' command is executed.
14:17:26 INFO  : Context for processor 'microblaze_0' is selected.
14:17:26 INFO  : The application 'D:/FPGA/MicroBlaze_Button/MicroBlaze_Button_vitis/MicroBlaze_Button/Debug/MicroBlaze_Button.elf' is downloaded to processor 'microblaze_0'.
14:17:26 INFO  : ----------------XSDB Script----------------
connect -url tcp:127.0.0.1:3121
targets -set -filter {jtag_cable_name =~ "Digilent Basys3 210183B31B50A" && level==0 && jtag_device_ctx=="jsn-Basys3-210183B31B50A-0362d093-0"}
fpga -file D:/FPGA/MicroBlaze_Button/MicroBlaze_Button_vitis/MicroBlaze_Button/_ide/bitstream/design_MicroBlazeButton_wrapper.bit
targets -set -nocase -filter {name =~ "*microblaze*#0" && bscan=="USER2" }
loadhw -hw D:/FPGA/MicroBlaze_Button/MicroBlaze_Button_vitis/design_MicroBlazeButton_wrapper/export/design_MicroBlazeButton_wrapper/hw/design_MicroBlazeButton_wrapper.xsa -regs
configparams mdm-detect-bscan-mask 2
targets -set -nocase -filter {name =~ "*microblaze*#0" && bscan=="USER2" }
rst -system
after 3000
targets -set -nocase -filter {name =~ "*microblaze*#0" && bscan=="USER2" }
dow D:/FPGA/MicroBlaze_Button/MicroBlaze_Button_vitis/MicroBlaze_Button/Debug/MicroBlaze_Button.elf
----------------End of Script----------------

14:17:26 INFO  : Context for processor 'microblaze_0' is selected.
14:17:26 INFO  : 'con' command is executed.
14:17:26 INFO  : ----------------XSDB Script (After Launch)----------------
targets -set -nocase -filter {name =~ "*microblaze*#0" && bscan=="USER2" }
con
----------------End of Script----------------

14:17:26 INFO  : Launch script is exported to file 'D:\FPGA\MicroBlaze_Button\MicroBlaze_Button_vitis\.sdk\launch_scripts\single_application_debug\systemdebugger_microblaze_button_system_standalone.tcl'
14:18:11 INFO  : Checking for BSP changes to sync application flags for project 'MicroBlaze_Button'...
14:18:21 INFO  : Disconnected from the channel tcfchan#8.
14:18:21 INFO  : Connected to target on host '127.0.0.1' and port '3121'.
14:18:21 INFO  : Jtag cable 'Digilent Basys3 210183B31B50A' is selected.
14:18:21 INFO  : 'jtag frequency' command is executed.
14:18:22 INFO  : 'targets -set -filter {jtag_cable_name =~ "Digilent Basys3 210183B31B50A" && level==0 && jtag_device_ctx=="jsn-Basys3-210183B31B50A-0362d093-0"}' command is executed.
14:18:23 INFO  : FPGA configured successfully with bitstream "D:/FPGA/MicroBlaze_Button/MicroBlaze_Button_vitis/MicroBlaze_Button/_ide/bitstream/design_MicroBlazeButton_wrapper.bit"
14:18:23 INFO  : Context for processor 'microblaze_0' is selected.
14:18:23 INFO  : Hardware design and registers information is loaded from 'D:/FPGA/MicroBlaze_Button/MicroBlaze_Button_vitis/design_MicroBlazeButton_wrapper/export/design_MicroBlazeButton_wrapper/hw/design_MicroBlazeButton_wrapper.xsa'.
14:18:23 INFO  : 'configparams mdm-detect-bscan-mask 2' command is executed.
14:18:23 INFO  : Context for processor 'microblaze_0' is selected.
14:18:23 INFO  : System reset is completed.
14:18:26 INFO  : 'after 3000' command is executed.
14:18:26 INFO  : Context for processor 'microblaze_0' is selected.
14:18:26 INFO  : The application 'D:/FPGA/MicroBlaze_Button/MicroBlaze_Button_vitis/MicroBlaze_Button/Debug/MicroBlaze_Button.elf' is downloaded to processor 'microblaze_0'.
14:18:26 INFO  : ----------------XSDB Script----------------
connect -url tcp:127.0.0.1:3121
targets -set -filter {jtag_cable_name =~ "Digilent Basys3 210183B31B50A" && level==0 && jtag_device_ctx=="jsn-Basys3-210183B31B50A-0362d093-0"}
fpga -file D:/FPGA/MicroBlaze_Button/MicroBlaze_Button_vitis/MicroBlaze_Button/_ide/bitstream/design_MicroBlazeButton_wrapper.bit
targets -set -nocase -filter {name =~ "*microblaze*#0" && bscan=="USER2" }
loadhw -hw D:/FPGA/MicroBlaze_Button/MicroBlaze_Button_vitis/design_MicroBlazeButton_wrapper/export/design_MicroBlazeButton_wrapper/hw/design_MicroBlazeButton_wrapper.xsa -regs
configparams mdm-detect-bscan-mask 2
targets -set -nocase -filter {name =~ "*microblaze*#0" && bscan=="USER2" }
rst -system
after 3000
targets -set -nocase -filter {name =~ "*microblaze*#0" && bscan=="USER2" }
dow D:/FPGA/MicroBlaze_Button/MicroBlaze_Button_vitis/MicroBlaze_Button/Debug/MicroBlaze_Button.elf
----------------End of Script----------------

14:18:26 INFO  : Context for processor 'microblaze_0' is selected.
14:18:26 INFO  : 'con' command is executed.
14:18:26 INFO  : ----------------XSDB Script (After Launch)----------------
targets -set -nocase -filter {name =~ "*microblaze*#0" && bscan=="USER2" }
con
----------------End of Script----------------

14:18:26 INFO  : Launch script is exported to file 'D:\FPGA\MicroBlaze_Button\MicroBlaze_Button_vitis\.sdk\launch_scripts\single_application_debug\systemdebugger_microblaze_button_system_standalone.tcl'
14:18:42 INFO  : Disconnected from the channel tcfchan#9.
14:18:42 INFO  : Connected to target on host '127.0.0.1' and port '3121'.
14:18:42 INFO  : Jtag cable 'Digilent Basys3 210183B31B50A' is selected.
14:18:42 INFO  : 'jtag frequency' command is executed.
14:18:42 INFO  : 'targets -set -filter {jtag_cable_name =~ "Digilent Basys3 210183B31B50A" && level==0 && jtag_device_ctx=="jsn-Basys3-210183B31B50A-0362d093-0"}' command is executed.
14:18:43 INFO  : FPGA configured successfully with bitstream "D:/FPGA/MicroBlaze_Button/MicroBlaze_Button_vitis/MicroBlaze_Button/_ide/bitstream/design_MicroBlazeButton_wrapper.bit"
14:18:44 INFO  : Context for processor 'microblaze_0' is selected.
14:18:44 INFO  : Hardware design and registers information is loaded from 'D:/FPGA/MicroBlaze_Button/MicroBlaze_Button_vitis/design_MicroBlazeButton_wrapper/export/design_MicroBlazeButton_wrapper/hw/design_MicroBlazeButton_wrapper.xsa'.
14:18:44 INFO  : 'configparams mdm-detect-bscan-mask 2' command is executed.
14:18:44 INFO  : Context for processor 'microblaze_0' is selected.
14:18:44 INFO  : System reset is completed.
14:18:47 INFO  : 'after 3000' command is executed.
14:18:47 INFO  : Context for processor 'microblaze_0' is selected.
14:18:47 INFO  : The application 'D:/FPGA/MicroBlaze_Button/MicroBlaze_Button_vitis/MicroBlaze_Button/Debug/MicroBlaze_Button.elf' is downloaded to processor 'microblaze_0'.
14:18:47 INFO  : ----------------XSDB Script----------------
connect -url tcp:127.0.0.1:3121
targets -set -filter {jtag_cable_name =~ "Digilent Basys3 210183B31B50A" && level==0 && jtag_device_ctx=="jsn-Basys3-210183B31B50A-0362d093-0"}
fpga -file D:/FPGA/MicroBlaze_Button/MicroBlaze_Button_vitis/MicroBlaze_Button/_ide/bitstream/design_MicroBlazeButton_wrapper.bit
targets -set -nocase -filter {name =~ "*microblaze*#0" && bscan=="USER2" }
loadhw -hw D:/FPGA/MicroBlaze_Button/MicroBlaze_Button_vitis/design_MicroBlazeButton_wrapper/export/design_MicroBlazeButton_wrapper/hw/design_MicroBlazeButton_wrapper.xsa -regs
configparams mdm-detect-bscan-mask 2
targets -set -nocase -filter {name =~ "*microblaze*#0" && bscan=="USER2" }
rst -system
after 3000
targets -set -nocase -filter {name =~ "*microblaze*#0" && bscan=="USER2" }
dow D:/FPGA/MicroBlaze_Button/MicroBlaze_Button_vitis/MicroBlaze_Button/Debug/MicroBlaze_Button.elf
----------------End of Script----------------

14:18:47 INFO  : Context for processor 'microblaze_0' is selected.
14:18:47 INFO  : 'con' command is executed.
14:18:47 INFO  : ----------------XSDB Script (After Launch)----------------
targets -set -nocase -filter {name =~ "*microblaze*#0" && bscan=="USER2" }
con
----------------End of Script----------------

14:18:47 INFO  : Launch script is exported to file 'D:\FPGA\MicroBlaze_Button\MicroBlaze_Button_vitis\.sdk\launch_scripts\single_application_debug\systemdebugger_microblaze_button_system_standalone.tcl'
14:19:28 INFO  : Checking for BSP changes to sync application flags for project 'MicroBlaze_Button'...
14:19:33 INFO  : Disconnected from the channel tcfchan#10.
14:19:33 INFO  : Connected to target on host '127.0.0.1' and port '3121'.
14:19:34 INFO  : Jtag cable 'Digilent Basys3 210183B31B50A' is selected.
14:19:34 INFO  : 'jtag frequency' command is executed.
14:19:34 INFO  : 'targets -set -filter {jtag_cable_name =~ "Digilent Basys3 210183B31B50A" && level==0 && jtag_device_ctx=="jsn-Basys3-210183B31B50A-0362d093-0"}' command is executed.
14:19:35 INFO  : FPGA configured successfully with bitstream "D:/FPGA/MicroBlaze_Button/MicroBlaze_Button_vitis/MicroBlaze_Button/_ide/bitstream/design_MicroBlazeButton_wrapper.bit"
14:19:35 INFO  : Context for processor 'microblaze_0' is selected.
14:19:35 INFO  : Hardware design and registers information is loaded from 'D:/FPGA/MicroBlaze_Button/MicroBlaze_Button_vitis/design_MicroBlazeButton_wrapper/export/design_MicroBlazeButton_wrapper/hw/design_MicroBlazeButton_wrapper.xsa'.
14:19:35 INFO  : 'configparams mdm-detect-bscan-mask 2' command is executed.
14:19:35 INFO  : Context for processor 'microblaze_0' is selected.
14:19:35 INFO  : System reset is completed.
14:19:38 INFO  : 'after 3000' command is executed.
14:19:38 INFO  : Context for processor 'microblaze_0' is selected.
14:19:38 INFO  : The application 'D:/FPGA/MicroBlaze_Button/MicroBlaze_Button_vitis/MicroBlaze_Button/Debug/MicroBlaze_Button.elf' is downloaded to processor 'microblaze_0'.
14:19:38 INFO  : ----------------XSDB Script----------------
connect -url tcp:127.0.0.1:3121
targets -set -filter {jtag_cable_name =~ "Digilent Basys3 210183B31B50A" && level==0 && jtag_device_ctx=="jsn-Basys3-210183B31B50A-0362d093-0"}
fpga -file D:/FPGA/MicroBlaze_Button/MicroBlaze_Button_vitis/MicroBlaze_Button/_ide/bitstream/design_MicroBlazeButton_wrapper.bit
targets -set -nocase -filter {name =~ "*microblaze*#0" && bscan=="USER2" }
loadhw -hw D:/FPGA/MicroBlaze_Button/MicroBlaze_Button_vitis/design_MicroBlazeButton_wrapper/export/design_MicroBlazeButton_wrapper/hw/design_MicroBlazeButton_wrapper.xsa -regs
configparams mdm-detect-bscan-mask 2
targets -set -nocase -filter {name =~ "*microblaze*#0" && bscan=="USER2" }
rst -system
after 3000
targets -set -nocase -filter {name =~ "*microblaze*#0" && bscan=="USER2" }
dow D:/FPGA/MicroBlaze_Button/MicroBlaze_Button_vitis/MicroBlaze_Button/Debug/MicroBlaze_Button.elf
----------------End of Script----------------

14:19:38 INFO  : Context for processor 'microblaze_0' is selected.
14:19:39 INFO  : 'con' command is executed.
14:19:39 INFO  : ----------------XSDB Script (After Launch)----------------
targets -set -nocase -filter {name =~ "*microblaze*#0" && bscan=="USER2" }
con
----------------End of Script----------------

14:19:39 INFO  : Launch script is exported to file 'D:\FPGA\MicroBlaze_Button\MicroBlaze_Button_vitis\.sdk\launch_scripts\single_application_debug\systemdebugger_microblaze_button_system_standalone.tcl'
14:22:32 INFO  : Checking for BSP changes to sync application flags for project 'MicroBlaze_Button'...
14:22:43 INFO  : Disconnected from the channel tcfchan#11.
14:22:43 INFO  : Connected to target on host '127.0.0.1' and port '3121'.
14:22:43 INFO  : Jtag cable 'Digilent Basys3 210183B31B50A' is selected.
14:22:43 INFO  : 'jtag frequency' command is executed.
14:22:43 INFO  : 'targets -set -filter {jtag_cable_name =~ "Digilent Basys3 210183B31B50A" && level==0 && jtag_device_ctx=="jsn-Basys3-210183B31B50A-0362d093-0"}' command is executed.
14:22:45 INFO  : FPGA configured successfully with bitstream "D:/FPGA/MicroBlaze_Button/MicroBlaze_Button_vitis/MicroBlaze_Button/_ide/bitstream/design_MicroBlazeButton_wrapper.bit"
14:22:45 INFO  : Context for processor 'microblaze_0' is selected.
14:22:45 INFO  : Hardware design and registers information is loaded from 'D:/FPGA/MicroBlaze_Button/MicroBlaze_Button_vitis/design_MicroBlazeButton_wrapper/export/design_MicroBlazeButton_wrapper/hw/design_MicroBlazeButton_wrapper.xsa'.
14:22:45 INFO  : 'configparams mdm-detect-bscan-mask 2' command is executed.
14:22:45 INFO  : Context for processor 'microblaze_0' is selected.
14:22:45 INFO  : System reset is completed.
14:22:48 INFO  : 'after 3000' command is executed.
14:22:48 INFO  : Context for processor 'microblaze_0' is selected.
14:22:48 INFO  : The application 'D:/FPGA/MicroBlaze_Button/MicroBlaze_Button_vitis/MicroBlaze_Button/Debug/MicroBlaze_Button.elf' is downloaded to processor 'microblaze_0'.
14:22:48 INFO  : ----------------XSDB Script----------------
connect -url tcp:127.0.0.1:3121
targets -set -filter {jtag_cable_name =~ "Digilent Basys3 210183B31B50A" && level==0 && jtag_device_ctx=="jsn-Basys3-210183B31B50A-0362d093-0"}
fpga -file D:/FPGA/MicroBlaze_Button/MicroBlaze_Button_vitis/MicroBlaze_Button/_ide/bitstream/design_MicroBlazeButton_wrapper.bit
targets -set -nocase -filter {name =~ "*microblaze*#0" && bscan=="USER2" }
loadhw -hw D:/FPGA/MicroBlaze_Button/MicroBlaze_Button_vitis/design_MicroBlazeButton_wrapper/export/design_MicroBlazeButton_wrapper/hw/design_MicroBlazeButton_wrapper.xsa -regs
configparams mdm-detect-bscan-mask 2
targets -set -nocase -filter {name =~ "*microblaze*#0" && bscan=="USER2" }
rst -system
after 3000
targets -set -nocase -filter {name =~ "*microblaze*#0" && bscan=="USER2" }
dow D:/FPGA/MicroBlaze_Button/MicroBlaze_Button_vitis/MicroBlaze_Button/Debug/MicroBlaze_Button.elf
----------------End of Script----------------

14:22:48 INFO  : Context for processor 'microblaze_0' is selected.
14:22:48 INFO  : 'con' command is executed.
14:22:48 INFO  : ----------------XSDB Script (After Launch)----------------
targets -set -nocase -filter {name =~ "*microblaze*#0" && bscan=="USER2" }
con
----------------End of Script----------------

14:22:48 INFO  : Launch script is exported to file 'D:\FPGA\MicroBlaze_Button\MicroBlaze_Button_vitis\.sdk\launch_scripts\single_application_debug\systemdebugger_microblaze_button_system_standalone.tcl'
14:23:30 INFO  : Disconnected from the channel tcfchan#12.
14:23:30 INFO  : Connected to target on host '127.0.0.1' and port '3121'.
14:23:30 INFO  : Jtag cable 'Digilent Basys3 210183B31B50A' is selected.
14:23:30 INFO  : 'jtag frequency' command is executed.
14:23:30 INFO  : 'targets -set -filter {jtag_cable_name =~ "Digilent Basys3 210183B31B50A" && level==0 && jtag_device_ctx=="jsn-Basys3-210183B31B50A-0362d093-0"}' command is executed.
14:23:32 INFO  : FPGA configured successfully with bitstream "D:/FPGA/MicroBlaze_Button/MicroBlaze_Button_vitis/MicroBlaze_Button/_ide/bitstream/design_MicroBlazeButton_wrapper.bit"
14:23:32 INFO  : Context for processor 'microblaze_0' is selected.
14:23:32 INFO  : Hardware design and registers information is loaded from 'D:/FPGA/MicroBlaze_Button/MicroBlaze_Button_vitis/design_MicroBlazeButton_wrapper/export/design_MicroBlazeButton_wrapper/hw/design_MicroBlazeButton_wrapper.xsa'.
14:23:32 INFO  : 'configparams mdm-detect-bscan-mask 2' command is executed.
14:23:32 INFO  : Context for processor 'microblaze_0' is selected.
14:23:32 INFO  : System reset is completed.
14:23:35 INFO  : 'after 3000' command is executed.
14:23:35 INFO  : Context for processor 'microblaze_0' is selected.
14:23:35 INFO  : The application 'D:/FPGA/MicroBlaze_Button/MicroBlaze_Button_vitis/MicroBlaze_Button/Debug/MicroBlaze_Button.elf' is downloaded to processor 'microblaze_0'.
14:23:35 INFO  : ----------------XSDB Script----------------
connect -url tcp:127.0.0.1:3121
targets -set -filter {jtag_cable_name =~ "Digilent Basys3 210183B31B50A" && level==0 && jtag_device_ctx=="jsn-Basys3-210183B31B50A-0362d093-0"}
fpga -file D:/FPGA/MicroBlaze_Button/MicroBlaze_Button_vitis/MicroBlaze_Button/_ide/bitstream/design_MicroBlazeButton_wrapper.bit
targets -set -nocase -filter {name =~ "*microblaze*#0" && bscan=="USER2" }
loadhw -hw D:/FPGA/MicroBlaze_Button/MicroBlaze_Button_vitis/design_MicroBlazeButton_wrapper/export/design_MicroBlazeButton_wrapper/hw/design_MicroBlazeButton_wrapper.xsa -regs
configparams mdm-detect-bscan-mask 2
targets -set -nocase -filter {name =~ "*microblaze*#0" && bscan=="USER2" }
rst -system
after 3000
targets -set -nocase -filter {name =~ "*microblaze*#0" && bscan=="USER2" }
dow D:/FPGA/MicroBlaze_Button/MicroBlaze_Button_vitis/MicroBlaze_Button/Debug/MicroBlaze_Button.elf
----------------End of Script----------------

14:23:35 INFO  : Context for processor 'microblaze_0' is selected.
14:23:35 INFO  : 'con' command is executed.
14:23:35 INFO  : ----------------XSDB Script (After Launch)----------------
targets -set -nocase -filter {name =~ "*microblaze*#0" && bscan=="USER2" }
con
----------------End of Script----------------

14:23:35 INFO  : Launch script is exported to file 'D:\FPGA\MicroBlaze_Button\MicroBlaze_Button_vitis\.sdk\launch_scripts\single_application_debug\systemdebugger_microblaze_button_system_standalone.tcl'
14:24:00 INFO  : Checking for BSP changes to sync application flags for project 'MicroBlaze_Button'...
14:24:10 INFO  : Disconnected from the channel tcfchan#13.
14:24:10 INFO  : Connected to target on host '127.0.0.1' and port '3121'.
14:24:11 INFO  : Jtag cable 'Digilent Basys3 210183B31B50A' is selected.
14:24:11 INFO  : 'jtag frequency' command is executed.
14:24:11 INFO  : 'targets -set -filter {jtag_cable_name =~ "Digilent Basys3 210183B31B50A" && level==0 && jtag_device_ctx=="jsn-Basys3-210183B31B50A-0362d093-0"}' command is executed.
14:24:12 INFO  : FPGA configured successfully with bitstream "D:/FPGA/MicroBlaze_Button/MicroBlaze_Button_vitis/MicroBlaze_Button/_ide/bitstream/design_MicroBlazeButton_wrapper.bit"
14:24:12 INFO  : Context for processor 'microblaze_0' is selected.
14:24:12 INFO  : Hardware design and registers information is loaded from 'D:/FPGA/MicroBlaze_Button/MicroBlaze_Button_vitis/design_MicroBlazeButton_wrapper/export/design_MicroBlazeButton_wrapper/hw/design_MicroBlazeButton_wrapper.xsa'.
14:24:12 INFO  : 'configparams mdm-detect-bscan-mask 2' command is executed.
14:24:12 INFO  : Context for processor 'microblaze_0' is selected.
14:24:12 INFO  : System reset is completed.
14:24:15 INFO  : 'after 3000' command is executed.
14:24:18 ERROR : no targets found with "name =~ "*microblaze*#0" && bscan=="USER2" ". available targets: none
14:24:18 INFO  : ----------------XSDB Script----------------
connect -url tcp:127.0.0.1:3121
targets -set -filter {jtag_cable_name =~ "Digilent Basys3 210183B31B50A" && level==0 && jtag_device_ctx=="jsn-Basys3-210183B31B50A-0362d093-0"}
fpga -file D:/FPGA/MicroBlaze_Button/MicroBlaze_Button_vitis/MicroBlaze_Button/_ide/bitstream/design_MicroBlazeButton_wrapper.bit
targets -set -nocase -filter {name =~ "*microblaze*#0" && bscan=="USER2" }
loadhw -hw D:/FPGA/MicroBlaze_Button/MicroBlaze_Button_vitis/design_MicroBlazeButton_wrapper/export/design_MicroBlazeButton_wrapper/hw/design_MicroBlazeButton_wrapper.xsa -regs
configparams mdm-detect-bscan-mask 2
targets -set -nocase -filter {name =~ "*microblaze*#0" && bscan=="USER2" }
rst -system
after 3000
targets -set -nocase -filter {name =~ "*microblaze*#0" && bscan=="USER2" }
----------------End of Script----------------

14:24:18 ERROR : no targets found with "name =~ "*microblaze*#0" && bscan=="USER2" ". available targets: none
14:24:29 INFO  : Connected to target on host '127.0.0.1' and port '3121'.
14:24:47 INFO  : ----------------XSDB Script----------------
connect -url tcp:127.0.0.1:3121
----------------End of Script----------------

14:24:47 ERROR : Could not find FPGA device on the board for connection 'Local'.


Troubleshooting hints:
1. Check whether board is connected to system properly.
2. In case of zynq board, check whether Digilent/Xilinx cable switch settings are correct.
3. If you are using Xilinx Platform Cable USB, ensure that status LED is green.
14:25:03 INFO  : Connected to target on host '127.0.0.1' and port '3121'.
14:25:03 INFO  : Jtag cable 'Digilent Basys3 210183B31B50A' is selected.
14:25:03 INFO  : 'jtag frequency' command is executed.
14:25:03 INFO  : 'targets -set -filter {jtag_cable_name =~ "Digilent Basys3 210183B31B50A" && level==0 && jtag_device_ctx=="jsn-Basys3-210183B31B50A-0362d093-0"}' command is executed.
14:25:05 INFO  : FPGA configured successfully with bitstream "D:/FPGA/MicroBlaze_Button/MicroBlaze_Button_vitis/MicroBlaze_Button/_ide/bitstream/design_MicroBlazeButton_wrapper.bit"
14:25:05 INFO  : Context for processor 'microblaze_0' is selected.
14:25:05 INFO  : Hardware design and registers information is loaded from 'D:/FPGA/MicroBlaze_Button/MicroBlaze_Button_vitis/design_MicroBlazeButton_wrapper/export/design_MicroBlazeButton_wrapper/hw/design_MicroBlazeButton_wrapper.xsa'.
14:25:05 INFO  : 'configparams mdm-detect-bscan-mask 2' command is executed.
14:25:05 INFO  : Context for processor 'microblaze_0' is selected.
14:25:05 INFO  : System reset is completed.
14:25:08 INFO  : 'after 3000' command is executed.
14:25:08 INFO  : Context for processor 'microblaze_0' is selected.
14:25:08 INFO  : The application 'D:/FPGA/MicroBlaze_Button/MicroBlaze_Button_vitis/MicroBlaze_Button/Debug/MicroBlaze_Button.elf' is downloaded to processor 'microblaze_0'.
14:25:08 INFO  : ----------------XSDB Script----------------
connect -url tcp:127.0.0.1:3121
targets -set -filter {jtag_cable_name =~ "Digilent Basys3 210183B31B50A" && level==0 && jtag_device_ctx=="jsn-Basys3-210183B31B50A-0362d093-0"}
fpga -file D:/FPGA/MicroBlaze_Button/MicroBlaze_Button_vitis/MicroBlaze_Button/_ide/bitstream/design_MicroBlazeButton_wrapper.bit
targets -set -nocase -filter {name =~ "*microblaze*#0" && bscan=="USER2" }
loadhw -hw D:/FPGA/MicroBlaze_Button/MicroBlaze_Button_vitis/design_MicroBlazeButton_wrapper/export/design_MicroBlazeButton_wrapper/hw/design_MicroBlazeButton_wrapper.xsa -regs
configparams mdm-detect-bscan-mask 2
targets -set -nocase -filter {name =~ "*microblaze*#0" && bscan=="USER2" }
rst -system
after 3000
targets -set -nocase -filter {name =~ "*microblaze*#0" && bscan=="USER2" }
dow D:/FPGA/MicroBlaze_Button/MicroBlaze_Button_vitis/MicroBlaze_Button/Debug/MicroBlaze_Button.elf
----------------End of Script----------------

14:25:08 INFO  : Context for processor 'microblaze_0' is selected.
14:25:08 INFO  : 'con' command is executed.
14:25:08 INFO  : ----------------XSDB Script (After Launch)----------------
targets -set -nocase -filter {name =~ "*microblaze*#0" && bscan=="USER2" }
con
----------------End of Script----------------

14:25:08 INFO  : Launch script is exported to file 'D:\FPGA\MicroBlaze_Button\MicroBlaze_Button_vitis\.sdk\launch_scripts\single_application_debug\systemdebugger_microblaze_button_system_standalone.tcl'
14:25:52 INFO  : Checking for BSP changes to sync application flags for project 'MicroBlaze_Button'...
14:26:03 INFO  : Disconnected from the channel tcfchan#14.
14:26:03 INFO  : Connected to target on host '127.0.0.1' and port '3121'.
14:26:03 INFO  : Jtag cable 'Digilent Basys3 210183B31B50A' is selected.
14:26:03 INFO  : 'jtag frequency' command is executed.
14:26:03 INFO  : 'targets -set -filter {jtag_cable_name =~ "Digilent Basys3 210183B31B50A" && level==0 && jtag_device_ctx=="jsn-Basys3-210183B31B50A-0362d093-0"}' command is executed.
14:26:05 INFO  : FPGA configured successfully with bitstream "D:/FPGA/MicroBlaze_Button/MicroBlaze_Button_vitis/MicroBlaze_Button/_ide/bitstream/design_MicroBlazeButton_wrapper.bit"
14:26:05 INFO  : Context for processor 'microblaze_0' is selected.
14:26:05 INFO  : Hardware design and registers information is loaded from 'D:/FPGA/MicroBlaze_Button/MicroBlaze_Button_vitis/design_MicroBlazeButton_wrapper/export/design_MicroBlazeButton_wrapper/hw/design_MicroBlazeButton_wrapper.xsa'.
14:26:05 INFO  : 'configparams mdm-detect-bscan-mask 2' command is executed.
14:26:05 INFO  : Context for processor 'microblaze_0' is selected.
14:26:05 INFO  : System reset is completed.
14:26:08 INFO  : 'after 3000' command is executed.
14:26:08 INFO  : Context for processor 'microblaze_0' is selected.
14:26:08 INFO  : The application 'D:/FPGA/MicroBlaze_Button/MicroBlaze_Button_vitis/MicroBlaze_Button/Debug/MicroBlaze_Button.elf' is downloaded to processor 'microblaze_0'.
14:26:08 INFO  : ----------------XSDB Script----------------
connect -url tcp:127.0.0.1:3121
targets -set -filter {jtag_cable_name =~ "Digilent Basys3 210183B31B50A" && level==0 && jtag_device_ctx=="jsn-Basys3-210183B31B50A-0362d093-0"}
fpga -file D:/FPGA/MicroBlaze_Button/MicroBlaze_Button_vitis/MicroBlaze_Button/_ide/bitstream/design_MicroBlazeButton_wrapper.bit
targets -set -nocase -filter {name =~ "*microblaze*#0" && bscan=="USER2" }
loadhw -hw D:/FPGA/MicroBlaze_Button/MicroBlaze_Button_vitis/design_MicroBlazeButton_wrapper/export/design_MicroBlazeButton_wrapper/hw/design_MicroBlazeButton_wrapper.xsa -regs
configparams mdm-detect-bscan-mask 2
targets -set -nocase -filter {name =~ "*microblaze*#0" && bscan=="USER2" }
rst -system
after 3000
targets -set -nocase -filter {name =~ "*microblaze*#0" && bscan=="USER2" }
dow D:/FPGA/MicroBlaze_Button/MicroBlaze_Button_vitis/MicroBlaze_Button/Debug/MicroBlaze_Button.elf
----------------End of Script----------------

14:26:08 INFO  : Context for processor 'microblaze_0' is selected.
14:26:08 INFO  : 'con' command is executed.
14:26:08 INFO  : ----------------XSDB Script (After Launch)----------------
targets -set -nocase -filter {name =~ "*microblaze*#0" && bscan=="USER2" }
con
----------------End of Script----------------

14:26:08 INFO  : Launch script is exported to file 'D:\FPGA\MicroBlaze_Button\MicroBlaze_Button_vitis\.sdk\launch_scripts\single_application_debug\systemdebugger_microblaze_button_system_standalone.tcl'
15:46:25 INFO  : Checking for BSP changes to sync application flags for project 'MicroBlaze_Button'...
15:47:05 INFO  : Checking for BSP changes to sync application flags for project 'MicroBlaze_Button'...
15:47:47 INFO  : Checking for BSP changes to sync application flags for project 'MicroBlaze_Button'...
15:48:19 INFO  : Checking for BSP changes to sync application flags for project 'MicroBlaze_Button'...
15:49:24 INFO  : Checking for BSP changes to sync application flags for project 'MicroBlaze_Button'...
15:56:39 INFO  : Disconnected from the channel tcfchan#15.
