15:52:55 INFO  : Launching XSCT server: xsct.bat -n  -interactive D:\FPGA\MicroBlaze_Button\MicroBlaze_Button1_vitis\temp_xsdb_launch_script.tcl
15:52:56 INFO  : Registering command handlers for Vitis TCF services
15:53:00 INFO  : Platform repository initialization has completed.
15:53:01 INFO  : XSCT server has started successfully.
15:53:02 INFO  : plnx-install-location is set to ''
15:53:02 INFO  : Successfully done setting XSCT server connection channel  
15:53:02 INFO  : Successfully done query RDI_DATADIR 
15:53:02 INFO  : Successfully done setting workspace for the tool. 
15:53:47 INFO  : Result from executing command 'getProjects': design_MicroBlazeButton_wrapper
15:53:47 INFO  : Result from executing command 'getPlatforms': 
15:53:48 INFO  : Platform 'design_MicroBlazeButton_wrapper' is added to custom repositories.
15:53:51 INFO  : Platform 'design_MicroBlazeButton_wrapper' is added to custom repositories.
15:57:11 INFO  : Result from executing command 'getProjects': design_MicroBlazeButton_wrapper
15:57:11 INFO  : Result from executing command 'getPlatforms': design_MicroBlazeButton_wrapper|D:/FPGA/MicroBlaze_Button/MicroBlaze_Button1_vitis/design_MicroBlazeButton_wrapper/export/design_MicroBlazeButton_wrapper/design_MicroBlazeButton_wrapper.xpfm
15:57:11 INFO  : Checking for BSP changes to sync application flags for project 'button'...
15:58:11 INFO  : Checking for BSP changes to sync application flags for project 'button'...
15:58:30 INFO  : Connected to target on host '127.0.0.1' and port '3121'.
15:58:30 INFO  : Jtag cable 'Digilent Basys3 210183B31B50A' is selected.
15:58:30 INFO  : 'jtag frequency' command is executed.
15:58:31 INFO  : 'targets -set -filter {jtag_cable_name =~ "Digilent Basys3 210183B31B50A" && level==0 && jtag_device_ctx=="jsn-Basys3-210183B31B50A-0362d093-0"}' command is executed.
15:58:32 INFO  : FPGA configured successfully with bitstream "D:/FPGA/MicroBlaze_Button/MicroBlaze_Button1_vitis/button/_ide/bitstream/design_MicroBlazeButton_wrapper.bit"
15:58:32 INFO  : Context for processor 'microblaze_0' is selected.
15:58:32 INFO  : Hardware design and registers information is loaded from 'D:/FPGA/MicroBlaze_Button/MicroBlaze_Button1_vitis/design_MicroBlazeButton_wrapper/export/design_MicroBlazeButton_wrapper/hw/design_MicroBlazeButton_wrapper.xsa'.
15:58:32 INFO  : 'configparams mdm-detect-bscan-mask 2' command is executed.
15:58:32 INFO  : Context for processor 'microblaze_0' is selected.
15:58:32 INFO  : System reset is completed.
15:58:35 INFO  : 'after 3000' command is executed.
15:58:35 INFO  : Context for processor 'microblaze_0' is selected.
15:58:35 INFO  : The application 'D:/FPGA/MicroBlaze_Button/MicroBlaze_Button1_vitis/button/Debug/button.elf' is downloaded to processor 'microblaze_0'.
15:58:35 INFO  : ----------------XSDB Script----------------
connect -url tcp:127.0.0.1:3121
targets -set -filter {jtag_cable_name =~ "Digilent Basys3 210183B31B50A" && level==0 && jtag_device_ctx=="jsn-Basys3-210183B31B50A-0362d093-0"}
fpga -file D:/FPGA/MicroBlaze_Button/MicroBlaze_Button1_vitis/button/_ide/bitstream/design_MicroBlazeButton_wrapper.bit
targets -set -nocase -filter {name =~ "*microblaze*#0" && bscan=="USER2" }
loadhw -hw D:/FPGA/MicroBlaze_Button/MicroBlaze_Button1_vitis/design_MicroBlazeButton_wrapper/export/design_MicroBlazeButton_wrapper/hw/design_MicroBlazeButton_wrapper.xsa -regs
configparams mdm-detect-bscan-mask 2
targets -set -nocase -filter {name =~ "*microblaze*#0" && bscan=="USER2" }
rst -system
after 3000
targets -set -nocase -filter {name =~ "*microblaze*#0" && bscan=="USER2" }
dow D:/FPGA/MicroBlaze_Button/MicroBlaze_Button1_vitis/button/Debug/button.elf
----------------End of Script----------------

15:58:35 INFO  : Context for processor 'microblaze_0' is selected.
15:58:36 INFO  : 'con' command is executed.
15:58:36 INFO  : ----------------XSDB Script (After Launch)----------------
targets -set -nocase -filter {name =~ "*microblaze*#0" && bscan=="USER2" }
con
----------------End of Script----------------

15:58:36 INFO  : Launch script is exported to file 'D:\FPGA\MicroBlaze_Button\MicroBlaze_Button1_vitis\.sdk\launch_scripts\single_application_debug\systemdebugger_button_system_standalone.tcl'
16:09:28 INFO  : Checking for BSP changes to sync application flags for project 'button'...
16:09:39 INFO  : Disconnected from the channel tcfchan#2.
16:09:39 INFO  : Connected to target on host '127.0.0.1' and port '3121'.
16:09:39 INFO  : Jtag cable 'Digilent Basys3 210183B31B50A' is selected.
16:09:39 INFO  : 'jtag frequency' command is executed.
16:09:39 INFO  : 'targets -set -filter {jtag_cable_name =~ "Digilent Basys3 210183B31B50A" && level==0 && jtag_device_ctx=="jsn-Basys3-210183B31B50A-0362d093-0"}' command is executed.
16:09:40 INFO  : FPGA configured successfully with bitstream "D:/FPGA/MicroBlaze_Button/MicroBlaze_Button1_vitis/button/_ide/bitstream/design_MicroBlazeButton_wrapper.bit"
16:09:40 INFO  : Context for processor 'microblaze_0' is selected.
16:09:41 INFO  : Hardware design and registers information is loaded from 'D:/FPGA/MicroBlaze_Button/MicroBlaze_Button1_vitis/design_MicroBlazeButton_wrapper/export/design_MicroBlazeButton_wrapper/hw/design_MicroBlazeButton_wrapper.xsa'.
16:09:41 INFO  : 'configparams mdm-detect-bscan-mask 2' command is executed.
16:09:41 INFO  : Context for processor 'microblaze_0' is selected.
16:09:41 INFO  : System reset is completed.
16:09:44 INFO  : 'after 3000' command is executed.
16:09:44 INFO  : Context for processor 'microblaze_0' is selected.
16:09:44 INFO  : The application 'D:/FPGA/MicroBlaze_Button/MicroBlaze_Button1_vitis/button/Debug/button.elf' is downloaded to processor 'microblaze_0'.
16:09:44 INFO  : ----------------XSDB Script----------------
connect -url tcp:127.0.0.1:3121
targets -set -filter {jtag_cable_name =~ "Digilent Basys3 210183B31B50A" && level==0 && jtag_device_ctx=="jsn-Basys3-210183B31B50A-0362d093-0"}
fpga -file D:/FPGA/MicroBlaze_Button/MicroBlaze_Button1_vitis/button/_ide/bitstream/design_MicroBlazeButton_wrapper.bit
targets -set -nocase -filter {name =~ "*microblaze*#0" && bscan=="USER2" }
loadhw -hw D:/FPGA/MicroBlaze_Button/MicroBlaze_Button1_vitis/design_MicroBlazeButton_wrapper/export/design_MicroBlazeButton_wrapper/hw/design_MicroBlazeButton_wrapper.xsa -regs
configparams mdm-detect-bscan-mask 2
targets -set -nocase -filter {name =~ "*microblaze*#0" && bscan=="USER2" }
rst -system
after 3000
targets -set -nocase -filter {name =~ "*microblaze*#0" && bscan=="USER2" }
dow D:/FPGA/MicroBlaze_Button/MicroBlaze_Button1_vitis/button/Debug/button.elf
----------------End of Script----------------

16:09:44 INFO  : Context for processor 'microblaze_0' is selected.
16:09:44 INFO  : 'con' command is executed.
16:09:44 INFO  : ----------------XSDB Script (After Launch)----------------
targets -set -nocase -filter {name =~ "*microblaze*#0" && bscan=="USER2" }
con
----------------End of Script----------------

16:09:44 INFO  : Launch script is exported to file 'D:\FPGA\MicroBlaze_Button\MicroBlaze_Button1_vitis\.sdk\launch_scripts\single_application_debug\systemdebugger_button_system_standalone.tcl'
16:10:24 INFO  : Checking for BSP changes to sync application flags for project 'button'...
16:10:34 INFO  : Disconnected from the channel tcfchan#3.
16:10:34 INFO  : Connected to target on host '127.0.0.1' and port '3121'.
16:10:34 INFO  : Jtag cable 'Digilent Basys3 210183B31B50A' is selected.
16:10:34 INFO  : 'jtag frequency' command is executed.
16:10:34 INFO  : 'targets -set -filter {jtag_cable_name =~ "Digilent Basys3 210183B31B50A" && level==0 && jtag_device_ctx=="jsn-Basys3-210183B31B50A-0362d093-0"}' command is executed.
16:10:36 INFO  : FPGA configured successfully with bitstream "D:/FPGA/MicroBlaze_Button/MicroBlaze_Button1_vitis/button/_ide/bitstream/design_MicroBlazeButton_wrapper.bit"
16:10:36 INFO  : Context for processor 'microblaze_0' is selected.
16:10:36 INFO  : Hardware design and registers information is loaded from 'D:/FPGA/MicroBlaze_Button/MicroBlaze_Button1_vitis/design_MicroBlazeButton_wrapper/export/design_MicroBlazeButton_wrapper/hw/design_MicroBlazeButton_wrapper.xsa'.
16:10:36 INFO  : 'configparams mdm-detect-bscan-mask 2' command is executed.
16:10:36 INFO  : Context for processor 'microblaze_0' is selected.
16:10:36 INFO  : System reset is completed.
16:10:39 INFO  : 'after 3000' command is executed.
16:10:39 INFO  : Context for processor 'microblaze_0' is selected.
16:10:39 INFO  : The application 'D:/FPGA/MicroBlaze_Button/MicroBlaze_Button1_vitis/button/Debug/button.elf' is downloaded to processor 'microblaze_0'.
16:10:39 INFO  : ----------------XSDB Script----------------
connect -url tcp:127.0.0.1:3121
targets -set -filter {jtag_cable_name =~ "Digilent Basys3 210183B31B50A" && level==0 && jtag_device_ctx=="jsn-Basys3-210183B31B50A-0362d093-0"}
fpga -file D:/FPGA/MicroBlaze_Button/MicroBlaze_Button1_vitis/button/_ide/bitstream/design_MicroBlazeButton_wrapper.bit
targets -set -nocase -filter {name =~ "*microblaze*#0" && bscan=="USER2" }
loadhw -hw D:/FPGA/MicroBlaze_Button/MicroBlaze_Button1_vitis/design_MicroBlazeButton_wrapper/export/design_MicroBlazeButton_wrapper/hw/design_MicroBlazeButton_wrapper.xsa -regs
configparams mdm-detect-bscan-mask 2
targets -set -nocase -filter {name =~ "*microblaze*#0" && bscan=="USER2" }
rst -system
after 3000
targets -set -nocase -filter {name =~ "*microblaze*#0" && bscan=="USER2" }
dow D:/FPGA/MicroBlaze_Button/MicroBlaze_Button1_vitis/button/Debug/button.elf
----------------End of Script----------------

16:10:39 INFO  : Context for processor 'microblaze_0' is selected.
16:10:40 INFO  : 'con' command is executed.
16:10:40 INFO  : ----------------XSDB Script (After Launch)----------------
targets -set -nocase -filter {name =~ "*microblaze*#0" && bscan=="USER2" }
con
----------------End of Script----------------

16:10:40 INFO  : Launch script is exported to file 'D:\FPGA\MicroBlaze_Button\MicroBlaze_Button1_vitis\.sdk\launch_scripts\single_application_debug\systemdebugger_button_system_standalone.tcl'
16:17:24 INFO  : Checking for BSP changes to sync application flags for project 'button'...
16:17:35 INFO  : Disconnected from the channel tcfchan#4.
16:17:35 INFO  : Connected to target on host '127.0.0.1' and port '3121'.
16:17:35 INFO  : Jtag cable 'Digilent Basys3 210183B31B50A' is selected.
16:17:35 INFO  : 'jtag frequency' command is executed.
16:17:35 INFO  : 'targets -set -filter {jtag_cable_name =~ "Digilent Basys3 210183B31B50A" && level==0 && jtag_device_ctx=="jsn-Basys3-210183B31B50A-0362d093-0"}' command is executed.
16:17:36 INFO  : FPGA configured successfully with bitstream "D:/FPGA/MicroBlaze_Button/MicroBlaze_Button1_vitis/button/_ide/bitstream/design_MicroBlazeButton_wrapper.bit"
16:17:37 INFO  : Context for processor 'microblaze_0' is selected.
16:17:37 INFO  : Hardware design and registers information is loaded from 'D:/FPGA/MicroBlaze_Button/MicroBlaze_Button1_vitis/design_MicroBlazeButton_wrapper/export/design_MicroBlazeButton_wrapper/hw/design_MicroBlazeButton_wrapper.xsa'.
16:17:37 INFO  : 'configparams mdm-detect-bscan-mask 2' command is executed.
16:17:37 INFO  : Context for processor 'microblaze_0' is selected.
16:17:37 INFO  : System reset is completed.
16:17:40 INFO  : 'after 3000' command is executed.
16:17:40 INFO  : Context for processor 'microblaze_0' is selected.
16:17:40 INFO  : The application 'D:/FPGA/MicroBlaze_Button/MicroBlaze_Button1_vitis/button/Debug/button.elf' is downloaded to processor 'microblaze_0'.
16:17:40 INFO  : ----------------XSDB Script----------------
connect -url tcp:127.0.0.1:3121
targets -set -filter {jtag_cable_name =~ "Digilent Basys3 210183B31B50A" && level==0 && jtag_device_ctx=="jsn-Basys3-210183B31B50A-0362d093-0"}
fpga -file D:/FPGA/MicroBlaze_Button/MicroBlaze_Button1_vitis/button/_ide/bitstream/design_MicroBlazeButton_wrapper.bit
targets -set -nocase -filter {name =~ "*microblaze*#0" && bscan=="USER2" }
loadhw -hw D:/FPGA/MicroBlaze_Button/MicroBlaze_Button1_vitis/design_MicroBlazeButton_wrapper/export/design_MicroBlazeButton_wrapper/hw/design_MicroBlazeButton_wrapper.xsa -regs
configparams mdm-detect-bscan-mask 2
targets -set -nocase -filter {name =~ "*microblaze*#0" && bscan=="USER2" }
rst -system
after 3000
targets -set -nocase -filter {name =~ "*microblaze*#0" && bscan=="USER2" }
dow D:/FPGA/MicroBlaze_Button/MicroBlaze_Button1_vitis/button/Debug/button.elf
----------------End of Script----------------

16:17:40 INFO  : Context for processor 'microblaze_0' is selected.
16:17:40 INFO  : 'con' command is executed.
16:17:40 INFO  : ----------------XSDB Script (After Launch)----------------
targets -set -nocase -filter {name =~ "*microblaze*#0" && bscan=="USER2" }
con
----------------End of Script----------------

16:17:40 INFO  : Launch script is exported to file 'D:\FPGA\MicroBlaze_Button\MicroBlaze_Button1_vitis\.sdk\launch_scripts\single_application_debug\systemdebugger_button_system_standalone.tcl'
16:20:47 INFO  : Checking for BSP changes to sync application flags for project 'button'...
16:20:56 INFO  : Disconnected from the channel tcfchan#5.
16:20:56 INFO  : Connected to target on host '127.0.0.1' and port '3121'.
16:20:56 INFO  : Jtag cable 'Digilent Basys3 210183B31B50A' is selected.
16:20:56 INFO  : 'jtag frequency' command is executed.
16:20:56 INFO  : 'targets -set -filter {jtag_cable_name =~ "Digilent Basys3 210183B31B50A" && level==0 && jtag_device_ctx=="jsn-Basys3-210183B31B50A-0362d093-0"}' command is executed.
16:20:58 INFO  : FPGA configured successfully with bitstream "D:/FPGA/MicroBlaze_Button/MicroBlaze_Button1_vitis/button/_ide/bitstream/design_MicroBlazeButton_wrapper.bit"
16:20:58 INFO  : Context for processor 'microblaze_0' is selected.
16:20:58 INFO  : Hardware design and registers information is loaded from 'D:/FPGA/MicroBlaze_Button/MicroBlaze_Button1_vitis/design_MicroBlazeButton_wrapper/export/design_MicroBlazeButton_wrapper/hw/design_MicroBlazeButton_wrapper.xsa'.
16:20:58 INFO  : 'configparams mdm-detect-bscan-mask 2' command is executed.
16:20:58 INFO  : Context for processor 'microblaze_0' is selected.
16:20:58 INFO  : System reset is completed.
16:21:01 INFO  : 'after 3000' command is executed.
16:21:01 INFO  : Context for processor 'microblaze_0' is selected.
16:21:01 INFO  : The application 'D:/FPGA/MicroBlaze_Button/MicroBlaze_Button1_vitis/button/Debug/button.elf' is downloaded to processor 'microblaze_0'.
16:21:01 INFO  : ----------------XSDB Script----------------
connect -url tcp:127.0.0.1:3121
targets -set -filter {jtag_cable_name =~ "Digilent Basys3 210183B31B50A" && level==0 && jtag_device_ctx=="jsn-Basys3-210183B31B50A-0362d093-0"}
fpga -file D:/FPGA/MicroBlaze_Button/MicroBlaze_Button1_vitis/button/_ide/bitstream/design_MicroBlazeButton_wrapper.bit
targets -set -nocase -filter {name =~ "*microblaze*#0" && bscan=="USER2" }
loadhw -hw D:/FPGA/MicroBlaze_Button/MicroBlaze_Button1_vitis/design_MicroBlazeButton_wrapper/export/design_MicroBlazeButton_wrapper/hw/design_MicroBlazeButton_wrapper.xsa -regs
configparams mdm-detect-bscan-mask 2
targets -set -nocase -filter {name =~ "*microblaze*#0" && bscan=="USER2" }
rst -system
after 3000
targets -set -nocase -filter {name =~ "*microblaze*#0" && bscan=="USER2" }
dow D:/FPGA/MicroBlaze_Button/MicroBlaze_Button1_vitis/button/Debug/button.elf
----------------End of Script----------------

16:21:01 INFO  : Context for processor 'microblaze_0' is selected.
16:21:01 INFO  : 'con' command is executed.
16:21:01 INFO  : ----------------XSDB Script (After Launch)----------------
targets -set -nocase -filter {name =~ "*microblaze*#0" && bscan=="USER2" }
con
----------------End of Script----------------

16:21:01 INFO  : Launch script is exported to file 'D:\FPGA\MicroBlaze_Button\MicroBlaze_Button1_vitis\.sdk\launch_scripts\single_application_debug\systemdebugger_button_system_standalone.tcl'
16:21:34 INFO  : Checking for BSP changes to sync application flags for project 'button'...
16:21:39 INFO  : Disconnected from the channel tcfchan#6.
16:21:39 INFO  : Connected to target on host '127.0.0.1' and port '3121'.
16:21:40 INFO  : Jtag cable 'Digilent Basys3 210183B31B50A' is selected.
16:21:40 INFO  : 'jtag frequency' command is executed.
16:21:40 INFO  : 'targets -set -filter {jtag_cable_name =~ "Digilent Basys3 210183B31B50A" && level==0 && jtag_device_ctx=="jsn-Basys3-210183B31B50A-0362d093-0"}' command is executed.
16:21:41 INFO  : FPGA configured successfully with bitstream "D:/FPGA/MicroBlaze_Button/MicroBlaze_Button1_vitis/button/_ide/bitstream/design_MicroBlazeButton_wrapper.bit"
16:21:41 INFO  : Context for processor 'microblaze_0' is selected.
16:21:41 INFO  : Hardware design and registers information is loaded from 'D:/FPGA/MicroBlaze_Button/MicroBlaze_Button1_vitis/design_MicroBlazeButton_wrapper/export/design_MicroBlazeButton_wrapper/hw/design_MicroBlazeButton_wrapper.xsa'.
16:21:41 INFO  : 'configparams mdm-detect-bscan-mask 2' command is executed.
16:21:41 INFO  : Context for processor 'microblaze_0' is selected.
16:21:41 INFO  : System reset is completed.
16:21:44 INFO  : 'after 3000' command is executed.
16:21:44 INFO  : Context for processor 'microblaze_0' is selected.
16:21:44 INFO  : The application 'D:/FPGA/MicroBlaze_Button/MicroBlaze_Button1_vitis/button/Debug/button.elf' is downloaded to processor 'microblaze_0'.
16:21:44 INFO  : ----------------XSDB Script----------------
connect -url tcp:127.0.0.1:3121
targets -set -filter {jtag_cable_name =~ "Digilent Basys3 210183B31B50A" && level==0 && jtag_device_ctx=="jsn-Basys3-210183B31B50A-0362d093-0"}
fpga -file D:/FPGA/MicroBlaze_Button/MicroBlaze_Button1_vitis/button/_ide/bitstream/design_MicroBlazeButton_wrapper.bit
targets -set -nocase -filter {name =~ "*microblaze*#0" && bscan=="USER2" }
loadhw -hw D:/FPGA/MicroBlaze_Button/MicroBlaze_Button1_vitis/design_MicroBlazeButton_wrapper/export/design_MicroBlazeButton_wrapper/hw/design_MicroBlazeButton_wrapper.xsa -regs
configparams mdm-detect-bscan-mask 2
targets -set -nocase -filter {name =~ "*microblaze*#0" && bscan=="USER2" }
rst -system
after 3000
targets -set -nocase -filter {name =~ "*microblaze*#0" && bscan=="USER2" }
dow D:/FPGA/MicroBlaze_Button/MicroBlaze_Button1_vitis/button/Debug/button.elf
----------------End of Script----------------

16:21:44 INFO  : Context for processor 'microblaze_0' is selected.
16:21:45 INFO  : 'con' command is executed.
16:21:45 INFO  : ----------------XSDB Script (After Launch)----------------
targets -set -nocase -filter {name =~ "*microblaze*#0" && bscan=="USER2" }
con
----------------End of Script----------------

16:21:45 INFO  : Launch script is exported to file 'D:\FPGA\MicroBlaze_Button\MicroBlaze_Button1_vitis\.sdk\launch_scripts\single_application_debug\systemdebugger_button_system_standalone.tcl'
16:23:24 INFO  : Checking for BSP changes to sync application flags for project 'button'...
16:23:31 INFO  : Disconnected from the channel tcfchan#7.
16:23:31 INFO  : Connected to target on host '127.0.0.1' and port '3121'.
16:23:31 INFO  : Jtag cable 'Digilent Basys3 210183B31B50A' is selected.
16:23:31 INFO  : 'jtag frequency' command is executed.
16:23:31 INFO  : 'targets -set -filter {jtag_cable_name =~ "Digilent Basys3 210183B31B50A" && level==0 && jtag_device_ctx=="jsn-Basys3-210183B31B50A-0362d093-0"}' command is executed.
16:23:33 INFO  : FPGA configured successfully with bitstream "D:/FPGA/MicroBlaze_Button/MicroBlaze_Button1_vitis/button/_ide/bitstream/design_MicroBlazeButton_wrapper.bit"
16:23:33 INFO  : Context for processor 'microblaze_0' is selected.
16:23:33 INFO  : Hardware design and registers information is loaded from 'D:/FPGA/MicroBlaze_Button/MicroBlaze_Button1_vitis/design_MicroBlazeButton_wrapper/export/design_MicroBlazeButton_wrapper/hw/design_MicroBlazeButton_wrapper.xsa'.
16:23:33 INFO  : 'configparams mdm-detect-bscan-mask 2' command is executed.
16:23:33 INFO  : Context for processor 'microblaze_0' is selected.
16:23:33 INFO  : System reset is completed.
16:23:36 INFO  : 'after 3000' command is executed.
16:23:36 INFO  : Context for processor 'microblaze_0' is selected.
16:23:36 INFO  : The application 'D:/FPGA/MicroBlaze_Button/MicroBlaze_Button1_vitis/button/Debug/button.elf' is downloaded to processor 'microblaze_0'.
16:23:36 INFO  : ----------------XSDB Script----------------
connect -url tcp:127.0.0.1:3121
targets -set -filter {jtag_cable_name =~ "Digilent Basys3 210183B31B50A" && level==0 && jtag_device_ctx=="jsn-Basys3-210183B31B50A-0362d093-0"}
fpga -file D:/FPGA/MicroBlaze_Button/MicroBlaze_Button1_vitis/button/_ide/bitstream/design_MicroBlazeButton_wrapper.bit
targets -set -nocase -filter {name =~ "*microblaze*#0" && bscan=="USER2" }
loadhw -hw D:/FPGA/MicroBlaze_Button/MicroBlaze_Button1_vitis/design_MicroBlazeButton_wrapper/export/design_MicroBlazeButton_wrapper/hw/design_MicroBlazeButton_wrapper.xsa -regs
configparams mdm-detect-bscan-mask 2
targets -set -nocase -filter {name =~ "*microblaze*#0" && bscan=="USER2" }
rst -system
after 3000
targets -set -nocase -filter {name =~ "*microblaze*#0" && bscan=="USER2" }
dow D:/FPGA/MicroBlaze_Button/MicroBlaze_Button1_vitis/button/Debug/button.elf
----------------End of Script----------------

16:23:36 INFO  : Context for processor 'microblaze_0' is selected.
16:23:36 INFO  : 'con' command is executed.
16:23:36 INFO  : ----------------XSDB Script (After Launch)----------------
targets -set -nocase -filter {name =~ "*microblaze*#0" && bscan=="USER2" }
con
----------------End of Script----------------

16:23:36 INFO  : Launch script is exported to file 'D:\FPGA\MicroBlaze_Button\MicroBlaze_Button1_vitis\.sdk\launch_scripts\single_application_debug\systemdebugger_button_system_standalone.tcl'
16:24:10 INFO  : Checking for BSP changes to sync application flags for project 'button'...
16:24:19 INFO  : Disconnected from the channel tcfchan#8.
16:24:19 INFO  : Connected to target on host '127.0.0.1' and port '3121'.
16:24:19 INFO  : Jtag cable 'Digilent Basys3 210183B31B50A' is selected.
16:24:19 INFO  : 'jtag frequency' command is executed.
16:24:19 INFO  : 'targets -set -filter {jtag_cable_name =~ "Digilent Basys3 210183B31B50A" && level==0 && jtag_device_ctx=="jsn-Basys3-210183B31B50A-0362d093-0"}' command is executed.
16:24:20 INFO  : FPGA configured successfully with bitstream "D:/FPGA/MicroBlaze_Button/MicroBlaze_Button1_vitis/button/_ide/bitstream/design_MicroBlazeButton_wrapper.bit"
16:24:20 INFO  : Context for processor 'microblaze_0' is selected.
16:24:20 INFO  : Hardware design and registers information is loaded from 'D:/FPGA/MicroBlaze_Button/MicroBlaze_Button1_vitis/design_MicroBlazeButton_wrapper/export/design_MicroBlazeButton_wrapper/hw/design_MicroBlazeButton_wrapper.xsa'.
16:24:20 INFO  : 'configparams mdm-detect-bscan-mask 2' command is executed.
16:24:20 INFO  : Context for processor 'microblaze_0' is selected.
16:24:20 INFO  : System reset is completed.
16:24:23 INFO  : 'after 3000' command is executed.
16:24:23 INFO  : Context for processor 'microblaze_0' is selected.
16:24:24 INFO  : The application 'D:/FPGA/MicroBlaze_Button/MicroBlaze_Button1_vitis/button/Debug/button.elf' is downloaded to processor 'microblaze_0'.
16:24:24 INFO  : ----------------XSDB Script----------------
connect -url tcp:127.0.0.1:3121
targets -set -filter {jtag_cable_name =~ "Digilent Basys3 210183B31B50A" && level==0 && jtag_device_ctx=="jsn-Basys3-210183B31B50A-0362d093-0"}
fpga -file D:/FPGA/MicroBlaze_Button/MicroBlaze_Button1_vitis/button/_ide/bitstream/design_MicroBlazeButton_wrapper.bit
targets -set -nocase -filter {name =~ "*microblaze*#0" && bscan=="USER2" }
loadhw -hw D:/FPGA/MicroBlaze_Button/MicroBlaze_Button1_vitis/design_MicroBlazeButton_wrapper/export/design_MicroBlazeButton_wrapper/hw/design_MicroBlazeButton_wrapper.xsa -regs
configparams mdm-detect-bscan-mask 2
targets -set -nocase -filter {name =~ "*microblaze*#0" && bscan=="USER2" }
rst -system
after 3000
targets -set -nocase -filter {name =~ "*microblaze*#0" && bscan=="USER2" }
dow D:/FPGA/MicroBlaze_Button/MicroBlaze_Button1_vitis/button/Debug/button.elf
----------------End of Script----------------

16:24:24 INFO  : Context for processor 'microblaze_0' is selected.
16:24:24 INFO  : 'con' command is executed.
16:24:24 INFO  : ----------------XSDB Script (After Launch)----------------
targets -set -nocase -filter {name =~ "*microblaze*#0" && bscan=="USER2" }
con
----------------End of Script----------------

16:24:24 INFO  : Launch script is exported to file 'D:\FPGA\MicroBlaze_Button\MicroBlaze_Button1_vitis\.sdk\launch_scripts\single_application_debug\systemdebugger_button_system_standalone.tcl'
16:31:23 INFO  : Checking for BSP changes to sync application flags for project 'button'...
16:31:44 INFO  : Checking for BSP changes to sync application flags for project 'button'...
16:32:25 INFO  : Checking for BSP changes to sync application flags for project 'button'...
16:33:08 INFO  : Checking for BSP changes to sync application flags for project 'button'...
16:33:21 INFO  : Checking for BSP changes to sync application flags for project 'button'...
16:33:30 INFO  : Disconnected from the channel tcfchan#9.
16:33:30 INFO  : Connected to target on host '127.0.0.1' and port '3121'.
16:33:31 INFO  : Jtag cable 'Digilent Basys3 210183B31B50A' is selected.
16:33:31 INFO  : 'jtag frequency' command is executed.
16:33:31 INFO  : 'targets -set -filter {jtag_cable_name =~ "Digilent Basys3 210183B31B50A" && level==0 && jtag_device_ctx=="jsn-Basys3-210183B31B50A-0362d093-0"}' command is executed.
16:33:32 INFO  : FPGA configured successfully with bitstream "D:/FPGA/MicroBlaze_Button/MicroBlaze_Button1_vitis/button/_ide/bitstream/design_MicroBlazeButton_wrapper.bit"
16:33:32 INFO  : Context for processor 'microblaze_0' is selected.
16:33:32 INFO  : Hardware design and registers information is loaded from 'D:/FPGA/MicroBlaze_Button/MicroBlaze_Button1_vitis/design_MicroBlazeButton_wrapper/export/design_MicroBlazeButton_wrapper/hw/design_MicroBlazeButton_wrapper.xsa'.
16:33:32 INFO  : 'configparams mdm-detect-bscan-mask 2' command is executed.
16:33:32 INFO  : Context for processor 'microblaze_0' is selected.
16:33:32 INFO  : System reset is completed.
16:33:35 INFO  : 'after 3000' command is executed.
16:33:35 INFO  : Context for processor 'microblaze_0' is selected.
16:33:35 INFO  : The application 'D:/FPGA/MicroBlaze_Button/MicroBlaze_Button1_vitis/button/Debug/button.elf' is downloaded to processor 'microblaze_0'.
16:33:35 INFO  : ----------------XSDB Script----------------
connect -url tcp:127.0.0.1:3121
targets -set -filter {jtag_cable_name =~ "Digilent Basys3 210183B31B50A" && level==0 && jtag_device_ctx=="jsn-Basys3-210183B31B50A-0362d093-0"}
fpga -file D:/FPGA/MicroBlaze_Button/MicroBlaze_Button1_vitis/button/_ide/bitstream/design_MicroBlazeButton_wrapper.bit
targets -set -nocase -filter {name =~ "*microblaze*#0" && bscan=="USER2" }
loadhw -hw D:/FPGA/MicroBlaze_Button/MicroBlaze_Button1_vitis/design_MicroBlazeButton_wrapper/export/design_MicroBlazeButton_wrapper/hw/design_MicroBlazeButton_wrapper.xsa -regs
configparams mdm-detect-bscan-mask 2
targets -set -nocase -filter {name =~ "*microblaze*#0" && bscan=="USER2" }
rst -system
after 3000
targets -set -nocase -filter {name =~ "*microblaze*#0" && bscan=="USER2" }
dow D:/FPGA/MicroBlaze_Button/MicroBlaze_Button1_vitis/button/Debug/button.elf
----------------End of Script----------------

16:33:35 INFO  : Context for processor 'microblaze_0' is selected.
16:33:35 INFO  : 'con' command is executed.
16:33:35 INFO  : ----------------XSDB Script (After Launch)----------------
targets -set -nocase -filter {name =~ "*microblaze*#0" && bscan=="USER2" }
con
----------------End of Script----------------

16:33:35 INFO  : Launch script is exported to file 'D:\FPGA\MicroBlaze_Button\MicroBlaze_Button1_vitis\.sdk\launch_scripts\single_application_debug\systemdebugger_button_system_standalone.tcl'
16:35:03 INFO  : Checking for BSP changes to sync application flags for project 'button'...
16:35:11 INFO  : Disconnected from the channel tcfchan#10.
16:35:11 INFO  : Connected to target on host '127.0.0.1' and port '3121'.
16:35:11 INFO  : Jtag cable 'Digilent Basys3 210183B31B50A' is selected.
16:35:11 INFO  : 'jtag frequency' command is executed.
16:35:11 INFO  : 'targets -set -filter {jtag_cable_name =~ "Digilent Basys3 210183B31B50A" && level==0 && jtag_device_ctx=="jsn-Basys3-210183B31B50A-0362d093-0"}' command is executed.
16:35:12 INFO  : FPGA configured successfully with bitstream "D:/FPGA/MicroBlaze_Button/MicroBlaze_Button1_vitis/button/_ide/bitstream/design_MicroBlazeButton_wrapper.bit"
16:35:13 INFO  : Context for processor 'microblaze_0' is selected.
16:35:13 INFO  : Hardware design and registers information is loaded from 'D:/FPGA/MicroBlaze_Button/MicroBlaze_Button1_vitis/design_MicroBlazeButton_wrapper/export/design_MicroBlazeButton_wrapper/hw/design_MicroBlazeButton_wrapper.xsa'.
16:35:13 INFO  : 'configparams mdm-detect-bscan-mask 2' command is executed.
16:35:13 INFO  : Context for processor 'microblaze_0' is selected.
16:35:13 INFO  : System reset is completed.
16:35:16 INFO  : 'after 3000' command is executed.
16:35:16 INFO  : Context for processor 'microblaze_0' is selected.
16:35:16 INFO  : The application 'D:/FPGA/MicroBlaze_Button/MicroBlaze_Button1_vitis/button/Debug/button.elf' is downloaded to processor 'microblaze_0'.
16:35:16 INFO  : ----------------XSDB Script----------------
connect -url tcp:127.0.0.1:3121
targets -set -filter {jtag_cable_name =~ "Digilent Basys3 210183B31B50A" && level==0 && jtag_device_ctx=="jsn-Basys3-210183B31B50A-0362d093-0"}
fpga -file D:/FPGA/MicroBlaze_Button/MicroBlaze_Button1_vitis/button/_ide/bitstream/design_MicroBlazeButton_wrapper.bit
targets -set -nocase -filter {name =~ "*microblaze*#0" && bscan=="USER2" }
loadhw -hw D:/FPGA/MicroBlaze_Button/MicroBlaze_Button1_vitis/design_MicroBlazeButton_wrapper/export/design_MicroBlazeButton_wrapper/hw/design_MicroBlazeButton_wrapper.xsa -regs
configparams mdm-detect-bscan-mask 2
targets -set -nocase -filter {name =~ "*microblaze*#0" && bscan=="USER2" }
rst -system
after 3000
targets -set -nocase -filter {name =~ "*microblaze*#0" && bscan=="USER2" }
dow D:/FPGA/MicroBlaze_Button/MicroBlaze_Button1_vitis/button/Debug/button.elf
----------------End of Script----------------

16:35:16 INFO  : Context for processor 'microblaze_0' is selected.
16:35:16 INFO  : 'con' command is executed.
16:35:16 INFO  : ----------------XSDB Script (After Launch)----------------
targets -set -nocase -filter {name =~ "*microblaze*#0" && bscan=="USER2" }
con
----------------End of Script----------------

16:35:16 INFO  : Launch script is exported to file 'D:\FPGA\MicroBlaze_Button\MicroBlaze_Button1_vitis\.sdk\launch_scripts\single_application_debug\systemdebugger_button_system_standalone.tcl'
16:36:45 INFO  : Checking for BSP changes to sync application flags for project 'button'...
16:36:56 INFO  : Disconnected from the channel tcfchan#11.
16:36:56 INFO  : Connected to target on host '127.0.0.1' and port '3121'.
16:36:57 INFO  : Jtag cable 'Digilent Basys3 210183B31B50A' is selected.
16:36:57 INFO  : 'jtag frequency' command is executed.
16:36:57 INFO  : 'targets -set -filter {jtag_cable_name =~ "Digilent Basys3 210183B31B50A" && level==0 && jtag_device_ctx=="jsn-Basys3-210183B31B50A-0362d093-0"}' command is executed.
16:36:58 INFO  : FPGA configured successfully with bitstream "D:/FPGA/MicroBlaze_Button/MicroBlaze_Button1_vitis/button/_ide/bitstream/design_MicroBlazeButton_wrapper.bit"
16:36:58 INFO  : Context for processor 'microblaze_0' is selected.
16:36:58 INFO  : Hardware design and registers information is loaded from 'D:/FPGA/MicroBlaze_Button/MicroBlaze_Button1_vitis/design_MicroBlazeButton_wrapper/export/design_MicroBlazeButton_wrapper/hw/design_MicroBlazeButton_wrapper.xsa'.
16:36:58 INFO  : 'configparams mdm-detect-bscan-mask 2' command is executed.
16:36:58 INFO  : Context for processor 'microblaze_0' is selected.
16:36:58 INFO  : System reset is completed.
16:37:01 INFO  : 'after 3000' command is executed.
16:37:01 INFO  : Context for processor 'microblaze_0' is selected.
16:37:01 INFO  : The application 'D:/FPGA/MicroBlaze_Button/MicroBlaze_Button1_vitis/button/Debug/button.elf' is downloaded to processor 'microblaze_0'.
16:37:01 INFO  : ----------------XSDB Script----------------
connect -url tcp:127.0.0.1:3121
targets -set -filter {jtag_cable_name =~ "Digilent Basys3 210183B31B50A" && level==0 && jtag_device_ctx=="jsn-Basys3-210183B31B50A-0362d093-0"}
fpga -file D:/FPGA/MicroBlaze_Button/MicroBlaze_Button1_vitis/button/_ide/bitstream/design_MicroBlazeButton_wrapper.bit
targets -set -nocase -filter {name =~ "*microblaze*#0" && bscan=="USER2" }
loadhw -hw D:/FPGA/MicroBlaze_Button/MicroBlaze_Button1_vitis/design_MicroBlazeButton_wrapper/export/design_MicroBlazeButton_wrapper/hw/design_MicroBlazeButton_wrapper.xsa -regs
configparams mdm-detect-bscan-mask 2
targets -set -nocase -filter {name =~ "*microblaze*#0" && bscan=="USER2" }
rst -system
after 3000
targets -set -nocase -filter {name =~ "*microblaze*#0" && bscan=="USER2" }
dow D:/FPGA/MicroBlaze_Button/MicroBlaze_Button1_vitis/button/Debug/button.elf
----------------End of Script----------------

16:37:01 INFO  : Context for processor 'microblaze_0' is selected.
16:37:01 INFO  : 'con' command is executed.
16:37:01 INFO  : ----------------XSDB Script (After Launch)----------------
targets -set -nocase -filter {name =~ "*microblaze*#0" && bscan=="USER2" }
con
----------------End of Script----------------

16:37:01 INFO  : Launch script is exported to file 'D:\FPGA\MicroBlaze_Button\MicroBlaze_Button1_vitis\.sdk\launch_scripts\single_application_debug\systemdebugger_button_system_standalone.tcl'
16:40:33 INFO  : Checking for BSP changes to sync application flags for project 'button'...
16:40:44 INFO  : Disconnected from the channel tcfchan#12.
16:40:44 INFO  : Connected to target on host '127.0.0.1' and port '3121'.
16:40:44 INFO  : Jtag cable 'Digilent Basys3 210183B31B50A' is selected.
16:40:44 INFO  : 'jtag frequency' command is executed.
16:40:44 INFO  : 'targets -set -filter {jtag_cable_name =~ "Digilent Basys3 210183B31B50A" && level==0 && jtag_device_ctx=="jsn-Basys3-210183B31B50A-0362d093-0"}' command is executed.
16:40:45 INFO  : FPGA configured successfully with bitstream "D:/FPGA/MicroBlaze_Button/MicroBlaze_Button1_vitis/button/_ide/bitstream/design_MicroBlazeButton_wrapper.bit"
16:40:46 INFO  : Context for processor 'microblaze_0' is selected.
16:40:46 INFO  : Hardware design and registers information is loaded from 'D:/FPGA/MicroBlaze_Button/MicroBlaze_Button1_vitis/design_MicroBlazeButton_wrapper/export/design_MicroBlazeButton_wrapper/hw/design_MicroBlazeButton_wrapper.xsa'.
16:40:46 INFO  : 'configparams mdm-detect-bscan-mask 2' command is executed.
16:40:46 INFO  : Context for processor 'microblaze_0' is selected.
16:40:46 INFO  : System reset is completed.
16:40:49 INFO  : 'after 3000' command is executed.
16:40:49 INFO  : Context for processor 'microblaze_0' is selected.
16:40:49 INFO  : The application 'D:/FPGA/MicroBlaze_Button/MicroBlaze_Button1_vitis/button/Debug/button.elf' is downloaded to processor 'microblaze_0'.
16:40:49 INFO  : ----------------XSDB Script----------------
connect -url tcp:127.0.0.1:3121
targets -set -filter {jtag_cable_name =~ "Digilent Basys3 210183B31B50A" && level==0 && jtag_device_ctx=="jsn-Basys3-210183B31B50A-0362d093-0"}
fpga -file D:/FPGA/MicroBlaze_Button/MicroBlaze_Button1_vitis/button/_ide/bitstream/design_MicroBlazeButton_wrapper.bit
targets -set -nocase -filter {name =~ "*microblaze*#0" && bscan=="USER2" }
loadhw -hw D:/FPGA/MicroBlaze_Button/MicroBlaze_Button1_vitis/design_MicroBlazeButton_wrapper/export/design_MicroBlazeButton_wrapper/hw/design_MicroBlazeButton_wrapper.xsa -regs
configparams mdm-detect-bscan-mask 2
targets -set -nocase -filter {name =~ "*microblaze*#0" && bscan=="USER2" }
rst -system
after 3000
targets -set -nocase -filter {name =~ "*microblaze*#0" && bscan=="USER2" }
dow D:/FPGA/MicroBlaze_Button/MicroBlaze_Button1_vitis/button/Debug/button.elf
----------------End of Script----------------

16:40:49 INFO  : Context for processor 'microblaze_0' is selected.
16:40:49 INFO  : 'con' command is executed.
16:40:49 INFO  : ----------------XSDB Script (After Launch)----------------
targets -set -nocase -filter {name =~ "*microblaze*#0" && bscan=="USER2" }
con
----------------End of Script----------------

16:40:49 INFO  : Launch script is exported to file 'D:\FPGA\MicroBlaze_Button\MicroBlaze_Button1_vitis\.sdk\launch_scripts\single_application_debug\systemdebugger_button_system_standalone.tcl'
16:43:43 INFO  : Checking for BSP changes to sync application flags for project 'button'...
16:45:10 INFO  : Checking for BSP changes to sync application flags for project 'button'...
16:45:17 INFO  : Disconnected from the channel tcfchan#13.
16:45:17 INFO  : Connected to target on host '127.0.0.1' and port '3121'.
16:45:17 INFO  : Jtag cable 'Digilent Basys3 210183B31B50A' is selected.
16:45:17 INFO  : 'jtag frequency' command is executed.
16:45:17 INFO  : 'targets -set -filter {jtag_cable_name =~ "Digilent Basys3 210183B31B50A" && level==0 && jtag_device_ctx=="jsn-Basys3-210183B31B50A-0362d093-0"}' command is executed.
16:45:18 INFO  : FPGA configured successfully with bitstream "D:/FPGA/MicroBlaze_Button/MicroBlaze_Button1_vitis/button/_ide/bitstream/design_MicroBlazeButton_wrapper.bit"
16:45:18 INFO  : Context for processor 'microblaze_0' is selected.
16:45:18 INFO  : Hardware design and registers information is loaded from 'D:/FPGA/MicroBlaze_Button/MicroBlaze_Button1_vitis/design_MicroBlazeButton_wrapper/export/design_MicroBlazeButton_wrapper/hw/design_MicroBlazeButton_wrapper.xsa'.
16:45:18 INFO  : 'configparams mdm-detect-bscan-mask 2' command is executed.
16:45:18 INFO  : Context for processor 'microblaze_0' is selected.
16:45:18 INFO  : System reset is completed.
16:45:21 INFO  : 'after 3000' command is executed.
16:45:21 INFO  : Context for processor 'microblaze_0' is selected.
16:45:22 INFO  : The application 'D:/FPGA/MicroBlaze_Button/MicroBlaze_Button1_vitis/button/Debug/button.elf' is downloaded to processor 'microblaze_0'.
16:45:22 INFO  : ----------------XSDB Script----------------
connect -url tcp:127.0.0.1:3121
targets -set -filter {jtag_cable_name =~ "Digilent Basys3 210183B31B50A" && level==0 && jtag_device_ctx=="jsn-Basys3-210183B31B50A-0362d093-0"}
fpga -file D:/FPGA/MicroBlaze_Button/MicroBlaze_Button1_vitis/button/_ide/bitstream/design_MicroBlazeButton_wrapper.bit
targets -set -nocase -filter {name =~ "*microblaze*#0" && bscan=="USER2" }
loadhw -hw D:/FPGA/MicroBlaze_Button/MicroBlaze_Button1_vitis/design_MicroBlazeButton_wrapper/export/design_MicroBlazeButton_wrapper/hw/design_MicroBlazeButton_wrapper.xsa -regs
configparams mdm-detect-bscan-mask 2
targets -set -nocase -filter {name =~ "*microblaze*#0" && bscan=="USER2" }
rst -system
after 3000
targets -set -nocase -filter {name =~ "*microblaze*#0" && bscan=="USER2" }
dow D:/FPGA/MicroBlaze_Button/MicroBlaze_Button1_vitis/button/Debug/button.elf
----------------End of Script----------------

16:45:22 INFO  : Context for processor 'microblaze_0' is selected.
16:45:22 INFO  : 'con' command is executed.
16:45:22 INFO  : ----------------XSDB Script (After Launch)----------------
targets -set -nocase -filter {name =~ "*microblaze*#0" && bscan=="USER2" }
con
----------------End of Script----------------

16:45:22 INFO  : Launch script is exported to file 'D:\FPGA\MicroBlaze_Button\MicroBlaze_Button1_vitis\.sdk\launch_scripts\single_application_debug\systemdebugger_button_system_standalone.tcl'
16:48:23 INFO  : Checking for BSP changes to sync application flags for project 'button'...
16:48:28 INFO  : Disconnected from the channel tcfchan#14.
16:48:28 INFO  : Connected to target on host '127.0.0.1' and port '3121'.
16:48:29 INFO  : Jtag cable 'Digilent Basys3 210183B31B50A' is selected.
16:48:29 INFO  : 'jtag frequency' command is executed.
16:48:29 INFO  : 'targets -set -filter {jtag_cable_name =~ "Digilent Basys3 210183B31B50A" && level==0 && jtag_device_ctx=="jsn-Basys3-210183B31B50A-0362d093-0"}' command is executed.
16:48:30 INFO  : FPGA configured successfully with bitstream "D:/FPGA/MicroBlaze_Button/MicroBlaze_Button1_vitis/button/_ide/bitstream/design_MicroBlazeButton_wrapper.bit"
16:48:30 INFO  : Context for processor 'microblaze_0' is selected.
16:48:30 INFO  : Hardware design and registers information is loaded from 'D:/FPGA/MicroBlaze_Button/MicroBlaze_Button1_vitis/design_MicroBlazeButton_wrapper/export/design_MicroBlazeButton_wrapper/hw/design_MicroBlazeButton_wrapper.xsa'.
16:48:30 INFO  : 'configparams mdm-detect-bscan-mask 2' command is executed.
16:48:30 INFO  : Context for processor 'microblaze_0' is selected.
16:48:30 INFO  : System reset is completed.
16:48:33 INFO  : 'after 3000' command is executed.
16:48:33 INFO  : Context for processor 'microblaze_0' is selected.
16:48:33 INFO  : The application 'D:/FPGA/MicroBlaze_Button/MicroBlaze_Button1_vitis/button/Debug/button.elf' is downloaded to processor 'microblaze_0'.
16:48:33 INFO  : ----------------XSDB Script----------------
connect -url tcp:127.0.0.1:3121
targets -set -filter {jtag_cable_name =~ "Digilent Basys3 210183B31B50A" && level==0 && jtag_device_ctx=="jsn-Basys3-210183B31B50A-0362d093-0"}
fpga -file D:/FPGA/MicroBlaze_Button/MicroBlaze_Button1_vitis/button/_ide/bitstream/design_MicroBlazeButton_wrapper.bit
targets -set -nocase -filter {name =~ "*microblaze*#0" && bscan=="USER2" }
loadhw -hw D:/FPGA/MicroBlaze_Button/MicroBlaze_Button1_vitis/design_MicroBlazeButton_wrapper/export/design_MicroBlazeButton_wrapper/hw/design_MicroBlazeButton_wrapper.xsa -regs
configparams mdm-detect-bscan-mask 2
targets -set -nocase -filter {name =~ "*microblaze*#0" && bscan=="USER2" }
rst -system
after 3000
targets -set -nocase -filter {name =~ "*microblaze*#0" && bscan=="USER2" }
dow D:/FPGA/MicroBlaze_Button/MicroBlaze_Button1_vitis/button/Debug/button.elf
----------------End of Script----------------

16:48:33 INFO  : Context for processor 'microblaze_0' is selected.
16:48:34 INFO  : 'con' command is executed.
16:48:34 INFO  : ----------------XSDB Script (After Launch)----------------
targets -set -nocase -filter {name =~ "*microblaze*#0" && bscan=="USER2" }
con
----------------End of Script----------------

16:48:34 INFO  : Launch script is exported to file 'D:\FPGA\MicroBlaze_Button\MicroBlaze_Button1_vitis\.sdk\launch_scripts\single_application_debug\systemdebugger_button_system_standalone.tcl'
16:49:13 INFO  : Checking for BSP changes to sync application flags for project 'button'...
16:49:33 INFO  : Disconnected from the channel tcfchan#15.
16:49:33 INFO  : Connected to target on host '127.0.0.1' and port '3121'.
16:49:33 INFO  : Jtag cable 'Digilent Basys3 210183B31B50A' is selected.
16:49:33 INFO  : 'jtag frequency' command is executed.
16:49:33 INFO  : 'targets -set -filter {jtag_cable_name =~ "Digilent Basys3 210183B31B50A" && level==0 && jtag_device_ctx=="jsn-Basys3-210183B31B50A-0362d093-0"}' command is executed.
16:49:34 INFO  : FPGA configured successfully with bitstream "D:/FPGA/MicroBlaze_Button/MicroBlaze_Button1_vitis/button/_ide/bitstream/design_MicroBlazeButton_wrapper.bit"
16:49:34 INFO  : Context for processor 'microblaze_0' is selected.
16:49:34 INFO  : Hardware design and registers information is loaded from 'D:/FPGA/MicroBlaze_Button/MicroBlaze_Button1_vitis/design_MicroBlazeButton_wrapper/export/design_MicroBlazeButton_wrapper/hw/design_MicroBlazeButton_wrapper.xsa'.
16:49:34 INFO  : 'configparams mdm-detect-bscan-mask 2' command is executed.
16:49:34 INFO  : Context for processor 'microblaze_0' is selected.
16:49:34 INFO  : System reset is completed.
16:49:37 INFO  : 'after 3000' command is executed.
16:49:40 ERROR : no targets found with "name =~ "*microblaze*#0" && bscan=="USER2" ". available targets: none
16:49:40 INFO  : ----------------XSDB Script----------------
connect -url tcp:127.0.0.1:3121
targets -set -filter {jtag_cable_name =~ "Digilent Basys3 210183B31B50A" && level==0 && jtag_device_ctx=="jsn-Basys3-210183B31B50A-0362d093-0"}
fpga -file D:/FPGA/MicroBlaze_Button/MicroBlaze_Button1_vitis/button/_ide/bitstream/design_MicroBlazeButton_wrapper.bit
targets -set -nocase -filter {name =~ "*microblaze*#0" && bscan=="USER2" }
loadhw -hw D:/FPGA/MicroBlaze_Button/MicroBlaze_Button1_vitis/design_MicroBlazeButton_wrapper/export/design_MicroBlazeButton_wrapper/hw/design_MicroBlazeButton_wrapper.xsa -regs
configparams mdm-detect-bscan-mask 2
targets -set -nocase -filter {name =~ "*microblaze*#0" && bscan=="USER2" }
rst -system
after 3000
targets -set -nocase -filter {name =~ "*microblaze*#0" && bscan=="USER2" }
----------------End of Script----------------

16:49:40 ERROR : no targets found with "name =~ "*microblaze*#0" && bscan=="USER2" ". available targets: none
16:49:48 INFO  : Connected to target on host '127.0.0.1' and port '3121'.
16:49:48 INFO  : Jtag cable 'Digilent Basys3 210183B31B50A' is selected.
16:49:48 INFO  : 'jtag frequency' command is executed.
16:49:48 INFO  : 'targets -set -filter {jtag_cable_name =~ "Digilent Basys3 210183B31B50A" && level==0 && jtag_device_ctx=="jsn-Basys3-210183B31B50A-0362d093-0"}' command is executed.
16:49:50 INFO  : FPGA configured successfully with bitstream "D:/FPGA/MicroBlaze_Button/MicroBlaze_Button1_vitis/button/_ide/bitstream/design_MicroBlazeButton_wrapper.bit"
16:49:50 INFO  : Context for processor 'microblaze_0' is selected.
16:49:50 INFO  : Hardware design and registers information is loaded from 'D:/FPGA/MicroBlaze_Button/MicroBlaze_Button1_vitis/design_MicroBlazeButton_wrapper/export/design_MicroBlazeButton_wrapper/hw/design_MicroBlazeButton_wrapper.xsa'.
16:49:50 INFO  : 'configparams mdm-detect-bscan-mask 2' command is executed.
16:49:50 INFO  : Context for processor 'microblaze_0' is selected.
16:49:50 INFO  : System reset is completed.
16:49:53 INFO  : 'after 3000' command is executed.
16:49:53 INFO  : Context for processor 'microblaze_0' is selected.
16:49:53 INFO  : The application 'D:/FPGA/MicroBlaze_Button/MicroBlaze_Button1_vitis/button/Debug/button.elf' is downloaded to processor 'microblaze_0'.
16:49:53 INFO  : ----------------XSDB Script----------------
connect -url tcp:127.0.0.1:3121
targets -set -filter {jtag_cable_name =~ "Digilent Basys3 210183B31B50A" && level==0 && jtag_device_ctx=="jsn-Basys3-210183B31B50A-0362d093-0"}
fpga -file D:/FPGA/MicroBlaze_Button/MicroBlaze_Button1_vitis/button/_ide/bitstream/design_MicroBlazeButton_wrapper.bit
targets -set -nocase -filter {name =~ "*microblaze*#0" && bscan=="USER2" }
loadhw -hw D:/FPGA/MicroBlaze_Button/MicroBlaze_Button1_vitis/design_MicroBlazeButton_wrapper/export/design_MicroBlazeButton_wrapper/hw/design_MicroBlazeButton_wrapper.xsa -regs
configparams mdm-detect-bscan-mask 2
targets -set -nocase -filter {name =~ "*microblaze*#0" && bscan=="USER2" }
rst -system
after 3000
targets -set -nocase -filter {name =~ "*microblaze*#0" && bscan=="USER2" }
dow D:/FPGA/MicroBlaze_Button/MicroBlaze_Button1_vitis/button/Debug/button.elf
----------------End of Script----------------

16:49:53 INFO  : Context for processor 'microblaze_0' is selected.
16:49:54 INFO  : 'con' command is executed.
16:49:54 INFO  : ----------------XSDB Script (After Launch)----------------
targets -set -nocase -filter {name =~ "*microblaze*#0" && bscan=="USER2" }
con
----------------End of Script----------------

16:49:54 INFO  : Launch script is exported to file 'D:\FPGA\MicroBlaze_Button\MicroBlaze_Button1_vitis\.sdk\launch_scripts\single_application_debug\systemdebugger_button_system_standalone.tcl'
16:58:10 INFO  : Checking for BSP changes to sync application flags for project 'button'...
16:58:38 INFO  : Disconnected from the channel tcfchan#16.
16:58:38 INFO  : Connected to target on host '127.0.0.1' and port '3121'.
16:58:54 INFO  : Checking for BSP changes to sync application flags for project 'button'...
16:58:56 INFO  : ----------------XSDB Script----------------
connect -url tcp:127.0.0.1:3121
----------------End of Script----------------

16:58:56 ERROR : Could not find FPGA device on the board for connection 'Local'.


Troubleshooting hints:
1. Check whether board is connected to system properly.
2. In case of zynq board, check whether Digilent/Xilinx cable switch settings are correct.
3. If you are using Xilinx Platform Cable USB, ensure that status LED is green.
16:59:08 INFO  : Checking for BSP changes to sync application flags for project 'button'...
16:59:14 INFO  : Connected to target on host '127.0.0.1' and port '3121'.
16:59:32 INFO  : ----------------XSDB Script----------------
connect -url tcp:127.0.0.1:3121
----------------End of Script----------------

16:59:32 ERROR : Could not find FPGA device on the board for connection 'Local'.


Troubleshooting hints:
1. Check whether board is connected to system properly.
2. In case of zynq board, check whether Digilent/Xilinx cable switch settings are correct.
3. If you are using Xilinx Platform Cable USB, ensure that status LED is green.
17:00:13 INFO  : Checking for BSP changes to sync application flags for project 'button'...
17:00:20 INFO  : Connected to target on host '127.0.0.1' and port '3121'.
17:00:20 INFO  : Jtag cable 'Digilent Basys3 210183B31B50A' is selected.
17:00:20 INFO  : 'jtag frequency' command is executed.
17:00:20 INFO  : 'targets -set -filter {jtag_cable_name =~ "Digilent Basys3 210183B31B50A" && level==0 && jtag_device_ctx=="jsn-Basys3-210183B31B50A-0362d093-0"}' command is executed.
17:00:21 INFO  : FPGA configured successfully with bitstream "D:/FPGA/MicroBlaze_Button/MicroBlaze_Button1_vitis/button/_ide/bitstream/design_MicroBlazeButton_wrapper.bit"
17:00:21 INFO  : Context for processor 'microblaze_0' is selected.
17:00:21 INFO  : Hardware design and registers information is loaded from 'D:/FPGA/MicroBlaze_Button/MicroBlaze_Button1_vitis/design_MicroBlazeButton_wrapper/export/design_MicroBlazeButton_wrapper/hw/design_MicroBlazeButton_wrapper.xsa'.
17:00:21 INFO  : 'configparams mdm-detect-bscan-mask 2' command is executed.
17:00:21 INFO  : Context for processor 'microblaze_0' is selected.
17:00:21 INFO  : System reset is completed.
17:00:24 INFO  : 'after 3000' command is executed.
17:00:24 INFO  : Context for processor 'microblaze_0' is selected.
17:00:25 INFO  : The application 'D:/FPGA/MicroBlaze_Button/MicroBlaze_Button1_vitis/button/Debug/button.elf' is downloaded to processor 'microblaze_0'.
17:00:25 INFO  : ----------------XSDB Script----------------
connect -url tcp:127.0.0.1:3121
targets -set -filter {jtag_cable_name =~ "Digilent Basys3 210183B31B50A" && level==0 && jtag_device_ctx=="jsn-Basys3-210183B31B50A-0362d093-0"}
fpga -file D:/FPGA/MicroBlaze_Button/MicroBlaze_Button1_vitis/button/_ide/bitstream/design_MicroBlazeButton_wrapper.bit
targets -set -nocase -filter {name =~ "*microblaze*#0" && bscan=="USER2" }
loadhw -hw D:/FPGA/MicroBlaze_Button/MicroBlaze_Button1_vitis/design_MicroBlazeButton_wrapper/export/design_MicroBlazeButton_wrapper/hw/design_MicroBlazeButton_wrapper.xsa -regs
configparams mdm-detect-bscan-mask 2
targets -set -nocase -filter {name =~ "*microblaze*#0" && bscan=="USER2" }
rst -system
after 3000
targets -set -nocase -filter {name =~ "*microblaze*#0" && bscan=="USER2" }
dow D:/FPGA/MicroBlaze_Button/MicroBlaze_Button1_vitis/button/Debug/button.elf
----------------End of Script----------------

17:00:25 INFO  : Context for processor 'microblaze_0' is selected.
17:00:25 INFO  : 'con' command is executed.
17:00:25 INFO  : ----------------XSDB Script (After Launch)----------------
targets -set -nocase -filter {name =~ "*microblaze*#0" && bscan=="USER2" }
con
----------------End of Script----------------

17:00:25 INFO  : Launch script is exported to file 'D:\FPGA\MicroBlaze_Button\MicroBlaze_Button1_vitis\.sdk\launch_scripts\single_application_debug\systemdebugger_button_system_standalone.tcl'
17:02:37 INFO  : Disconnected from the channel tcfchan#17.
17:02:37 INFO  : Connected to target on host '127.0.0.1' and port '3121'.
17:02:37 INFO  : Jtag cable 'Digilent Basys3 210183B31B50A' is selected.
17:02:37 INFO  : 'jtag frequency' command is executed.
17:02:37 INFO  : 'targets -set -filter {jtag_cable_name =~ "Digilent Basys3 210183B31B50A" && level==0 && jtag_device_ctx=="jsn-Basys3-210183B31B50A-0362d093-0"}' command is executed.
17:02:38 INFO  : FPGA configured successfully with bitstream "D:/FPGA/MicroBlaze_Button/MicroBlaze_Button1_vitis/button/_ide/bitstream/design_MicroBlazeButton_wrapper.bit"
17:02:38 INFO  : Context for processor 'microblaze_0' is selected.
17:02:38 INFO  : Hardware design and registers information is loaded from 'D:/FPGA/MicroBlaze_Button/MicroBlaze_Button1_vitis/design_MicroBlazeButton_wrapper/export/design_MicroBlazeButton_wrapper/hw/design_MicroBlazeButton_wrapper.xsa'.
17:02:38 INFO  : 'configparams mdm-detect-bscan-mask 2' command is executed.
17:02:39 INFO  : Context for processor 'microblaze_0' is selected.
17:02:39 INFO  : System reset is completed.
17:02:42 INFO  : 'after 3000' command is executed.
17:02:42 INFO  : Context for processor 'microblaze_0' is selected.
17:02:42 INFO  : The application 'D:/FPGA/MicroBlaze_Button/MicroBlaze_Button1_vitis/button/Debug/button.elf' is downloaded to processor 'microblaze_0'.
17:02:42 INFO  : ----------------XSDB Script----------------
connect -url tcp:127.0.0.1:3121
targets -set -filter {jtag_cable_name =~ "Digilent Basys3 210183B31B50A" && level==0 && jtag_device_ctx=="jsn-Basys3-210183B31B50A-0362d093-0"}
fpga -file D:/FPGA/MicroBlaze_Button/MicroBlaze_Button1_vitis/button/_ide/bitstream/design_MicroBlazeButton_wrapper.bit
targets -set -nocase -filter {name =~ "*microblaze*#0" && bscan=="USER2" }
loadhw -hw D:/FPGA/MicroBlaze_Button/MicroBlaze_Button1_vitis/design_MicroBlazeButton_wrapper/export/design_MicroBlazeButton_wrapper/hw/design_MicroBlazeButton_wrapper.xsa -regs
configparams mdm-detect-bscan-mask 2
targets -set -nocase -filter {name =~ "*microblaze*#0" && bscan=="USER2" }
rst -system
after 3000
targets -set -nocase -filter {name =~ "*microblaze*#0" && bscan=="USER2" }
dow D:/FPGA/MicroBlaze_Button/MicroBlaze_Button1_vitis/button/Debug/button.elf
----------------End of Script----------------

17:02:42 INFO  : Context for processor 'microblaze_0' is selected.
17:02:42 INFO  : 'con' command is executed.
17:02:42 INFO  : ----------------XSDB Script (After Launch)----------------
targets -set -nocase -filter {name =~ "*microblaze*#0" && bscan=="USER2" }
con
----------------End of Script----------------

17:02:42 INFO  : Launch script is exported to file 'D:\FPGA\MicroBlaze_Button\MicroBlaze_Button1_vitis\.sdk\launch_scripts\single_application_debug\systemdebugger_button_system_standalone.tcl'
17:04:32 INFO  : Checking for BSP changes to sync application flags for project 'button'...
17:04:43 INFO  : Disconnected from the channel tcfchan#18.
17:04:43 INFO  : Connected to target on host '127.0.0.1' and port '3121'.
17:04:44 INFO  : Jtag cable 'Digilent Basys3 210183B31B50A' is selected.
17:04:44 INFO  : 'jtag frequency' command is executed.
17:04:44 INFO  : 'targets -set -filter {jtag_cable_name =~ "Digilent Basys3 210183B31B50A" && level==0 && jtag_device_ctx=="jsn-Basys3-210183B31B50A-0362d093-0"}' command is executed.
17:04:45 INFO  : FPGA configured successfully with bitstream "D:/FPGA/MicroBlaze_Button/MicroBlaze_Button1_vitis/button/_ide/bitstream/design_MicroBlazeButton_wrapper.bit"
17:04:45 INFO  : Context for processor 'microblaze_0' is selected.
17:04:45 INFO  : Hardware design and registers information is loaded from 'D:/FPGA/MicroBlaze_Button/MicroBlaze_Button1_vitis/design_MicroBlazeButton_wrapper/export/design_MicroBlazeButton_wrapper/hw/design_MicroBlazeButton_wrapper.xsa'.
17:04:45 INFO  : 'configparams mdm-detect-bscan-mask 2' command is executed.
17:04:45 INFO  : Context for processor 'microblaze_0' is selected.
17:04:45 INFO  : System reset is completed.
17:04:48 INFO  : 'after 3000' command is executed.
17:04:48 INFO  : Context for processor 'microblaze_0' is selected.
17:04:48 INFO  : The application 'D:/FPGA/MicroBlaze_Button/MicroBlaze_Button1_vitis/button/Debug/button.elf' is downloaded to processor 'microblaze_0'.
17:04:48 INFO  : ----------------XSDB Script----------------
connect -url tcp:127.0.0.1:3121
targets -set -filter {jtag_cable_name =~ "Digilent Basys3 210183B31B50A" && level==0 && jtag_device_ctx=="jsn-Basys3-210183B31B50A-0362d093-0"}
fpga -file D:/FPGA/MicroBlaze_Button/MicroBlaze_Button1_vitis/button/_ide/bitstream/design_MicroBlazeButton_wrapper.bit
targets -set -nocase -filter {name =~ "*microblaze*#0" && bscan=="USER2" }
loadhw -hw D:/FPGA/MicroBlaze_Button/MicroBlaze_Button1_vitis/design_MicroBlazeButton_wrapper/export/design_MicroBlazeButton_wrapper/hw/design_MicroBlazeButton_wrapper.xsa -regs
configparams mdm-detect-bscan-mask 2
targets -set -nocase -filter {name =~ "*microblaze*#0" && bscan=="USER2" }
rst -system
after 3000
targets -set -nocase -filter {name =~ "*microblaze*#0" && bscan=="USER2" }
dow D:/FPGA/MicroBlaze_Button/MicroBlaze_Button1_vitis/button/Debug/button.elf
----------------End of Script----------------

17:04:48 INFO  : Context for processor 'microblaze_0' is selected.
17:04:49 INFO  : 'con' command is executed.
17:04:49 INFO  : ----------------XSDB Script (After Launch)----------------
targets -set -nocase -filter {name =~ "*microblaze*#0" && bscan=="USER2" }
con
----------------End of Script----------------

17:04:49 INFO  : Launch script is exported to file 'D:\FPGA\MicroBlaze_Button\MicroBlaze_Button1_vitis\.sdk\launch_scripts\single_application_debug\systemdebugger_button_system_standalone.tcl'
17:13:25 INFO  : Checking for BSP changes to sync application flags for project 'button'...
17:14:19 INFO  : Checking for BSP changes to sync application flags for project 'button'...
17:14:39 INFO  : Checking for BSP changes to sync application flags for project 'button'...
17:15:15 INFO  : Checking for BSP changes to sync application flags for project 'button'...
17:15:42 INFO  : Disconnected from the channel tcfchan#19.
17:15:42 INFO  : Connected to target on host '127.0.0.1' and port '3121'.
17:16:00 INFO  : ----------------XSDB Script----------------
connect -url tcp:127.0.0.1:3121
----------------End of Script----------------

17:16:00 ERROR : Could not find FPGA device on the board for connection 'Local'.


Troubleshooting hints:
1. Check whether board is connected to system properly.
2. In case of zynq board, check whether Digilent/Xilinx cable switch settings are correct.
3. If you are using Xilinx Platform Cable USB, ensure that status LED is green.
17:16:16 INFO  : Checking for BSP changes to sync application flags for project 'button'...
17:16:25 INFO  : Connected to target on host '127.0.0.1' and port '3121'.
17:16:25 INFO  : Jtag cable 'Digilent Basys3 210183B31B50A' is selected.
17:16:25 INFO  : 'jtag frequency' command is executed.
17:16:26 INFO  : 'targets -set -filter {jtag_cable_name =~ "Digilent Basys3 210183B31B50A" && level==0 && jtag_device_ctx=="jsn-Basys3-210183B31B50A-0362d093-0"}' command is executed.
17:16:27 INFO  : FPGA configured successfully with bitstream "D:/FPGA/MicroBlaze_Button/MicroBlaze_Button1_vitis/button/_ide/bitstream/design_MicroBlazeButton_wrapper.bit"
17:16:27 INFO  : Context for processor 'microblaze_0' is selected.
17:16:27 INFO  : Hardware design and registers information is loaded from 'D:/FPGA/MicroBlaze_Button/MicroBlaze_Button1_vitis/design_MicroBlazeButton_wrapper/export/design_MicroBlazeButton_wrapper/hw/design_MicroBlazeButton_wrapper.xsa'.
17:16:27 INFO  : 'configparams mdm-detect-bscan-mask 2' command is executed.
17:16:27 INFO  : Context for processor 'microblaze_0' is selected.
17:16:27 INFO  : System reset is completed.
17:16:30 INFO  : 'after 3000' command is executed.
17:16:30 INFO  : Context for processor 'microblaze_0' is selected.
17:16:30 INFO  : The application 'D:/FPGA/MicroBlaze_Button/MicroBlaze_Button1_vitis/button/Debug/button.elf' is downloaded to processor 'microblaze_0'.
17:16:30 INFO  : ----------------XSDB Script----------------
connect -url tcp:127.0.0.1:3121
targets -set -filter {jtag_cable_name =~ "Digilent Basys3 210183B31B50A" && level==0 && jtag_device_ctx=="jsn-Basys3-210183B31B50A-0362d093-0"}
fpga -file D:/FPGA/MicroBlaze_Button/MicroBlaze_Button1_vitis/button/_ide/bitstream/design_MicroBlazeButton_wrapper.bit
targets -set -nocase -filter {name =~ "*microblaze*#0" && bscan=="USER2" }
loadhw -hw D:/FPGA/MicroBlaze_Button/MicroBlaze_Button1_vitis/design_MicroBlazeButton_wrapper/export/design_MicroBlazeButton_wrapper/hw/design_MicroBlazeButton_wrapper.xsa -regs
configparams mdm-detect-bscan-mask 2
targets -set -nocase -filter {name =~ "*microblaze*#0" && bscan=="USER2" }
rst -system
after 3000
targets -set -nocase -filter {name =~ "*microblaze*#0" && bscan=="USER2" }
dow D:/FPGA/MicroBlaze_Button/MicroBlaze_Button1_vitis/button/Debug/button.elf
----------------End of Script----------------

17:16:30 INFO  : Context for processor 'microblaze_0' is selected.
17:16:30 INFO  : 'con' command is executed.
17:16:30 INFO  : ----------------XSDB Script (After Launch)----------------
targets -set -nocase -filter {name =~ "*microblaze*#0" && bscan=="USER2" }
con
----------------End of Script----------------

17:16:30 INFO  : Launch script is exported to file 'D:\FPGA\MicroBlaze_Button\MicroBlaze_Button1_vitis\.sdk\launch_scripts\single_application_debug\systemdebugger_button_system_standalone.tcl'
17:19:56 INFO  : Checking for BSP changes to sync application flags for project 'button'...
17:20:17 INFO  : Disconnected from the channel tcfchan#20.
17:20:17 INFO  : Connected to target on host '127.0.0.1' and port '3121'.
17:20:18 INFO  : Jtag cable 'Digilent Basys3 210183B31B50A' is selected.
17:20:18 INFO  : 'jtag frequency' command is executed.
17:20:18 INFO  : 'targets -set -filter {jtag_cable_name =~ "Digilent Basys3 210183B31B50A" && level==0 && jtag_device_ctx=="jsn-Basys3-210183B31B50A-0362d093-0"}' command is executed.
17:20:19 INFO  : FPGA configured successfully with bitstream "D:/FPGA/MicroBlaze_Button/MicroBlaze_Button1_vitis/button/_ide/bitstream/design_MicroBlazeButton_wrapper.bit"
17:20:19 INFO  : Context for processor 'microblaze_0' is selected.
17:20:19 INFO  : Hardware design and registers information is loaded from 'D:/FPGA/MicroBlaze_Button/MicroBlaze_Button1_vitis/design_MicroBlazeButton_wrapper/export/design_MicroBlazeButton_wrapper/hw/design_MicroBlazeButton_wrapper.xsa'.
17:20:19 INFO  : 'configparams mdm-detect-bscan-mask 2' command is executed.
17:20:19 INFO  : Context for processor 'microblaze_0' is selected.
17:20:19 INFO  : System reset is completed.
17:20:22 INFO  : 'after 3000' command is executed.
17:20:22 INFO  : Context for processor 'microblaze_0' is selected.
17:20:22 INFO  : The application 'D:/FPGA/MicroBlaze_Button/MicroBlaze_Button1_vitis/button/Debug/button.elf' is downloaded to processor 'microblaze_0'.
17:20:22 INFO  : ----------------XSDB Script----------------
connect -url tcp:127.0.0.1:3121
targets -set -filter {jtag_cable_name =~ "Digilent Basys3 210183B31B50A" && level==0 && jtag_device_ctx=="jsn-Basys3-210183B31B50A-0362d093-0"}
fpga -file D:/FPGA/MicroBlaze_Button/MicroBlaze_Button1_vitis/button/_ide/bitstream/design_MicroBlazeButton_wrapper.bit
targets -set -nocase -filter {name =~ "*microblaze*#0" && bscan=="USER2" }
loadhw -hw D:/FPGA/MicroBlaze_Button/MicroBlaze_Button1_vitis/design_MicroBlazeButton_wrapper/export/design_MicroBlazeButton_wrapper/hw/design_MicroBlazeButton_wrapper.xsa -regs
configparams mdm-detect-bscan-mask 2
targets -set -nocase -filter {name =~ "*microblaze*#0" && bscan=="USER2" }
rst -system
after 3000
targets -set -nocase -filter {name =~ "*microblaze*#0" && bscan=="USER2" }
dow D:/FPGA/MicroBlaze_Button/MicroBlaze_Button1_vitis/button/Debug/button.elf
----------------End of Script----------------

17:20:22 INFO  : Context for processor 'microblaze_0' is selected.
17:20:23 INFO  : 'con' command is executed.
17:20:23 INFO  : ----------------XSDB Script (After Launch)----------------
targets -set -nocase -filter {name =~ "*microblaze*#0" && bscan=="USER2" }
con
----------------End of Script----------------

17:20:23 INFO  : Launch script is exported to file 'D:\FPGA\MicroBlaze_Button\MicroBlaze_Button1_vitis\.sdk\launch_scripts\single_application_debug\systemdebugger_button_system_standalone.tcl'
17:20:30 INFO  : Checking for BSP changes to sync application flags for project 'button'...
17:20:35 INFO  : Disconnected from the channel tcfchan#21.
17:20:35 INFO  : Connected to target on host '127.0.0.1' and port '3121'.
17:20:35 INFO  : Jtag cable 'Digilent Basys3 210183B31B50A' is selected.
17:20:35 INFO  : 'jtag frequency' command is executed.
17:20:35 INFO  : 'targets -set -filter {jtag_cable_name =~ "Digilent Basys3 210183B31B50A" && level==0 && jtag_device_ctx=="jsn-Basys3-210183B31B50A-0362d093-0"}' command is executed.
17:20:36 INFO  : FPGA configured successfully with bitstream "D:/FPGA/MicroBlaze_Button/MicroBlaze_Button1_vitis/button/_ide/bitstream/design_MicroBlazeButton_wrapper.bit"
17:20:37 INFO  : Context for processor 'microblaze_0' is selected.
17:20:37 INFO  : Hardware design and registers information is loaded from 'D:/FPGA/MicroBlaze_Button/MicroBlaze_Button1_vitis/design_MicroBlazeButton_wrapper/export/design_MicroBlazeButton_wrapper/hw/design_MicroBlazeButton_wrapper.xsa'.
17:20:37 INFO  : 'configparams mdm-detect-bscan-mask 2' command is executed.
17:20:37 INFO  : Context for processor 'microblaze_0' is selected.
17:20:37 INFO  : System reset is completed.
17:20:40 INFO  : 'after 3000' command is executed.
17:20:40 INFO  : Context for processor 'microblaze_0' is selected.
17:20:40 INFO  : The application 'D:/FPGA/MicroBlaze_Button/MicroBlaze_Button1_vitis/button/Debug/button.elf' is downloaded to processor 'microblaze_0'.
17:20:40 INFO  : ----------------XSDB Script----------------
connect -url tcp:127.0.0.1:3121
targets -set -filter {jtag_cable_name =~ "Digilent Basys3 210183B31B50A" && level==0 && jtag_device_ctx=="jsn-Basys3-210183B31B50A-0362d093-0"}
fpga -file D:/FPGA/MicroBlaze_Button/MicroBlaze_Button1_vitis/button/_ide/bitstream/design_MicroBlazeButton_wrapper.bit
targets -set -nocase -filter {name =~ "*microblaze*#0" && bscan=="USER2" }
loadhw -hw D:/FPGA/MicroBlaze_Button/MicroBlaze_Button1_vitis/design_MicroBlazeButton_wrapper/export/design_MicroBlazeButton_wrapper/hw/design_MicroBlazeButton_wrapper.xsa -regs
configparams mdm-detect-bscan-mask 2
targets -set -nocase -filter {name =~ "*microblaze*#0" && bscan=="USER2" }
rst -system
after 3000
targets -set -nocase -filter {name =~ "*microblaze*#0" && bscan=="USER2" }
dow D:/FPGA/MicroBlaze_Button/MicroBlaze_Button1_vitis/button/Debug/button.elf
----------------End of Script----------------

17:20:40 INFO  : Context for processor 'microblaze_0' is selected.
17:20:40 INFO  : 'con' command is executed.
17:20:40 INFO  : ----------------XSDB Script (After Launch)----------------
targets -set -nocase -filter {name =~ "*microblaze*#0" && bscan=="USER2" }
con
----------------End of Script----------------

17:20:40 INFO  : Launch script is exported to file 'D:\FPGA\MicroBlaze_Button\MicroBlaze_Button1_vitis\.sdk\launch_scripts\single_application_debug\systemdebugger_button_system_standalone.tcl'
17:21:37 INFO  : Checking for BSP changes to sync application flags for project 'button'...
17:21:42 INFO  : Disconnected from the channel tcfchan#22.
17:21:42 INFO  : Connected to target on host '127.0.0.1' and port '3121'.
17:21:42 INFO  : Jtag cable 'Digilent Basys3 210183B31B50A' is selected.
17:21:42 INFO  : 'jtag frequency' command is executed.
17:21:42 INFO  : 'targets -set -filter {jtag_cable_name =~ "Digilent Basys3 210183B31B50A" && level==0 && jtag_device_ctx=="jsn-Basys3-210183B31B50A-0362d093-0"}' command is executed.
17:21:43 INFO  : FPGA configured successfully with bitstream "D:/FPGA/MicroBlaze_Button/MicroBlaze_Button1_vitis/button/_ide/bitstream/design_MicroBlazeButton_wrapper.bit"
17:21:43 INFO  : Context for processor 'microblaze_0' is selected.
17:21:43 INFO  : Hardware design and registers information is loaded from 'D:/FPGA/MicroBlaze_Button/MicroBlaze_Button1_vitis/design_MicroBlazeButton_wrapper/export/design_MicroBlazeButton_wrapper/hw/design_MicroBlazeButton_wrapper.xsa'.
17:21:43 INFO  : 'configparams mdm-detect-bscan-mask 2' command is executed.
17:21:43 INFO  : Context for processor 'microblaze_0' is selected.
17:21:43 INFO  : System reset is completed.
17:21:46 INFO  : 'after 3000' command is executed.
17:21:46 INFO  : Context for processor 'microblaze_0' is selected.
17:21:47 INFO  : The application 'D:/FPGA/MicroBlaze_Button/MicroBlaze_Button1_vitis/button/Debug/button.elf' is downloaded to processor 'microblaze_0'.
17:21:47 INFO  : ----------------XSDB Script----------------
connect -url tcp:127.0.0.1:3121
targets -set -filter {jtag_cable_name =~ "Digilent Basys3 210183B31B50A" && level==0 && jtag_device_ctx=="jsn-Basys3-210183B31B50A-0362d093-0"}
fpga -file D:/FPGA/MicroBlaze_Button/MicroBlaze_Button1_vitis/button/_ide/bitstream/design_MicroBlazeButton_wrapper.bit
targets -set -nocase -filter {name =~ "*microblaze*#0" && bscan=="USER2" }
loadhw -hw D:/FPGA/MicroBlaze_Button/MicroBlaze_Button1_vitis/design_MicroBlazeButton_wrapper/export/design_MicroBlazeButton_wrapper/hw/design_MicroBlazeButton_wrapper.xsa -regs
configparams mdm-detect-bscan-mask 2
targets -set -nocase -filter {name =~ "*microblaze*#0" && bscan=="USER2" }
rst -system
after 3000
targets -set -nocase -filter {name =~ "*microblaze*#0" && bscan=="USER2" }
dow D:/FPGA/MicroBlaze_Button/MicroBlaze_Button1_vitis/button/Debug/button.elf
----------------End of Script----------------

17:21:47 INFO  : Context for processor 'microblaze_0' is selected.
17:21:47 INFO  : 'con' command is executed.
17:21:47 INFO  : ----------------XSDB Script (After Launch)----------------
targets -set -nocase -filter {name =~ "*microblaze*#0" && bscan=="USER2" }
con
----------------End of Script----------------

17:21:47 INFO  : Launch script is exported to file 'D:\FPGA\MicroBlaze_Button\MicroBlaze_Button1_vitis\.sdk\launch_scripts\single_application_debug\systemdebugger_button_system_standalone.tcl'
17:26:20 INFO  : Checking for BSP changes to sync application flags for project 'button'...
17:26:29 INFO  : Disconnected from the channel tcfchan#23.
17:26:29 INFO  : Connected to target on host '127.0.0.1' and port '3121'.
17:26:30 INFO  : Jtag cable 'Digilent Basys3 210183B31B50A' is selected.
17:26:30 INFO  : 'jtag frequency' command is executed.
17:26:30 INFO  : 'targets -set -filter {jtag_cable_name =~ "Digilent Basys3 210183B31B50A" && level==0 && jtag_device_ctx=="jsn-Basys3-210183B31B50A-0362d093-0"}' command is executed.
17:26:31 INFO  : FPGA configured successfully with bitstream "D:/FPGA/MicroBlaze_Button/MicroBlaze_Button1_vitis/button/_ide/bitstream/design_MicroBlazeButton_wrapper.bit"
17:26:31 INFO  : Context for processor 'microblaze_0' is selected.
17:26:31 INFO  : Hardware design and registers information is loaded from 'D:/FPGA/MicroBlaze_Button/MicroBlaze_Button1_vitis/design_MicroBlazeButton_wrapper/export/design_MicroBlazeButton_wrapper/hw/design_MicroBlazeButton_wrapper.xsa'.
17:26:31 INFO  : 'configparams mdm-detect-bscan-mask 2' command is executed.
17:26:31 INFO  : Context for processor 'microblaze_0' is selected.
17:26:31 INFO  : System reset is completed.
17:26:34 INFO  : 'after 3000' command is executed.
17:26:34 INFO  : Context for processor 'microblaze_0' is selected.
17:26:34 INFO  : The application 'D:/FPGA/MicroBlaze_Button/MicroBlaze_Button1_vitis/button/Debug/button.elf' is downloaded to processor 'microblaze_0'.
17:26:34 INFO  : ----------------XSDB Script----------------
connect -url tcp:127.0.0.1:3121
targets -set -filter {jtag_cable_name =~ "Digilent Basys3 210183B31B50A" && level==0 && jtag_device_ctx=="jsn-Basys3-210183B31B50A-0362d093-0"}
fpga -file D:/FPGA/MicroBlaze_Button/MicroBlaze_Button1_vitis/button/_ide/bitstream/design_MicroBlazeButton_wrapper.bit
targets -set -nocase -filter {name =~ "*microblaze*#0" && bscan=="USER2" }
loadhw -hw D:/FPGA/MicroBlaze_Button/MicroBlaze_Button1_vitis/design_MicroBlazeButton_wrapper/export/design_MicroBlazeButton_wrapper/hw/design_MicroBlazeButton_wrapper.xsa -regs
configparams mdm-detect-bscan-mask 2
targets -set -nocase -filter {name =~ "*microblaze*#0" && bscan=="USER2" }
rst -system
after 3000
targets -set -nocase -filter {name =~ "*microblaze*#0" && bscan=="USER2" }
dow D:/FPGA/MicroBlaze_Button/MicroBlaze_Button1_vitis/button/Debug/button.elf
----------------End of Script----------------

17:26:34 INFO  : Context for processor 'microblaze_0' is selected.
17:26:35 INFO  : 'con' command is executed.
17:26:35 INFO  : ----------------XSDB Script (After Launch)----------------
targets -set -nocase -filter {name =~ "*microblaze*#0" && bscan=="USER2" }
con
----------------End of Script----------------

17:26:35 INFO  : Launch script is exported to file 'D:\FPGA\MicroBlaze_Button\MicroBlaze_Button1_vitis\.sdk\launch_scripts\single_application_debug\systemdebugger_button_system_standalone.tcl'
17:33:01 INFO  : Checking for BSP changes to sync application flags for project 'button'...
17:33:09 INFO  : Disconnected from the channel tcfchan#24.
17:33:09 INFO  : Connected to target on host '127.0.0.1' and port '3121'.
17:33:09 INFO  : Jtag cable 'Digilent Basys3 210183B31B50A' is selected.
17:33:09 INFO  : 'jtag frequency' command is executed.
17:33:10 INFO  : 'targets -set -filter {jtag_cable_name =~ "Digilent Basys3 210183B31B50A" && level==0 && jtag_device_ctx=="jsn-Basys3-210183B31B50A-0362d093-0"}' command is executed.
17:33:11 INFO  : FPGA configured successfully with bitstream "D:/FPGA/MicroBlaze_Button/MicroBlaze_Button1_vitis/button/_ide/bitstream/design_MicroBlazeButton_wrapper.bit"
17:33:11 INFO  : Context for processor 'microblaze_0' is selected.
17:33:11 INFO  : Hardware design and registers information is loaded from 'D:/FPGA/MicroBlaze_Button/MicroBlaze_Button1_vitis/design_MicroBlazeButton_wrapper/export/design_MicroBlazeButton_wrapper/hw/design_MicroBlazeButton_wrapper.xsa'.
17:33:11 INFO  : 'configparams mdm-detect-bscan-mask 2' command is executed.
17:33:11 INFO  : Context for processor 'microblaze_0' is selected.
17:33:11 INFO  : System reset is completed.
17:33:14 INFO  : 'after 3000' command is executed.
17:33:14 INFO  : Context for processor 'microblaze_0' is selected.
17:33:14 INFO  : The application 'D:/FPGA/MicroBlaze_Button/MicroBlaze_Button1_vitis/button/Debug/button.elf' is downloaded to processor 'microblaze_0'.
17:33:14 INFO  : ----------------XSDB Script----------------
connect -url tcp:127.0.0.1:3121
targets -set -filter {jtag_cable_name =~ "Digilent Basys3 210183B31B50A" && level==0 && jtag_device_ctx=="jsn-Basys3-210183B31B50A-0362d093-0"}
fpga -file D:/FPGA/MicroBlaze_Button/MicroBlaze_Button1_vitis/button/_ide/bitstream/design_MicroBlazeButton_wrapper.bit
targets -set -nocase -filter {name =~ "*microblaze*#0" && bscan=="USER2" }
loadhw -hw D:/FPGA/MicroBlaze_Button/MicroBlaze_Button1_vitis/design_MicroBlazeButton_wrapper/export/design_MicroBlazeButton_wrapper/hw/design_MicroBlazeButton_wrapper.xsa -regs
configparams mdm-detect-bscan-mask 2
targets -set -nocase -filter {name =~ "*microblaze*#0" && bscan=="USER2" }
rst -system
after 3000
targets -set -nocase -filter {name =~ "*microblaze*#0" && bscan=="USER2" }
dow D:/FPGA/MicroBlaze_Button/MicroBlaze_Button1_vitis/button/Debug/button.elf
----------------End of Script----------------

17:33:14 INFO  : Context for processor 'microblaze_0' is selected.
17:33:15 INFO  : 'con' command is executed.
17:33:15 INFO  : ----------------XSDB Script (After Launch)----------------
targets -set -nocase -filter {name =~ "*microblaze*#0" && bscan=="USER2" }
con
----------------End of Script----------------

17:33:15 INFO  : Launch script is exported to file 'D:\FPGA\MicroBlaze_Button\MicroBlaze_Button1_vitis\.sdk\launch_scripts\single_application_debug\systemdebugger_button_system_standalone.tcl'
17:35:24 INFO  : Checking for BSP changes to sync application flags for project 'button'...
17:35:29 INFO  : Disconnected from the channel tcfchan#25.
17:35:29 INFO  : Connected to target on host '127.0.0.1' and port '3121'.
17:35:29 INFO  : Jtag cable 'Digilent Basys3 210183B31B50A' is selected.
17:35:29 INFO  : 'jtag frequency' command is executed.
17:35:30 INFO  : 'targets -set -filter {jtag_cable_name =~ "Digilent Basys3 210183B31B50A" && level==0 && jtag_device_ctx=="jsn-Basys3-210183B31B50A-0362d093-0"}' command is executed.
17:35:31 INFO  : FPGA configured successfully with bitstream "D:/FPGA/MicroBlaze_Button/MicroBlaze_Button1_vitis/button/_ide/bitstream/design_MicroBlazeButton_wrapper.bit"
17:35:31 INFO  : Context for processor 'microblaze_0' is selected.
17:35:31 INFO  : Hardware design and registers information is loaded from 'D:/FPGA/MicroBlaze_Button/MicroBlaze_Button1_vitis/design_MicroBlazeButton_wrapper/export/design_MicroBlazeButton_wrapper/hw/design_MicroBlazeButton_wrapper.xsa'.
17:35:31 INFO  : 'configparams mdm-detect-bscan-mask 2' command is executed.
17:35:31 INFO  : Context for processor 'microblaze_0' is selected.
17:35:31 INFO  : System reset is completed.
17:35:34 INFO  : 'after 3000' command is executed.
17:35:34 INFO  : Context for processor 'microblaze_0' is selected.
17:35:34 INFO  : The application 'D:/FPGA/MicroBlaze_Button/MicroBlaze_Button1_vitis/button/Debug/button.elf' is downloaded to processor 'microblaze_0'.
17:35:34 INFO  : ----------------XSDB Script----------------
connect -url tcp:127.0.0.1:3121
targets -set -filter {jtag_cable_name =~ "Digilent Basys3 210183B31B50A" && level==0 && jtag_device_ctx=="jsn-Basys3-210183B31B50A-0362d093-0"}
fpga -file D:/FPGA/MicroBlaze_Button/MicroBlaze_Button1_vitis/button/_ide/bitstream/design_MicroBlazeButton_wrapper.bit
targets -set -nocase -filter {name =~ "*microblaze*#0" && bscan=="USER2" }
loadhw -hw D:/FPGA/MicroBlaze_Button/MicroBlaze_Button1_vitis/design_MicroBlazeButton_wrapper/export/design_MicroBlazeButton_wrapper/hw/design_MicroBlazeButton_wrapper.xsa -regs
configparams mdm-detect-bscan-mask 2
targets -set -nocase -filter {name =~ "*microblaze*#0" && bscan=="USER2" }
rst -system
after 3000
targets -set -nocase -filter {name =~ "*microblaze*#0" && bscan=="USER2" }
dow D:/FPGA/MicroBlaze_Button/MicroBlaze_Button1_vitis/button/Debug/button.elf
----------------End of Script----------------

17:35:34 INFO  : Context for processor 'microblaze_0' is selected.
17:35:35 INFO  : 'con' command is executed.
17:35:35 INFO  : ----------------XSDB Script (After Launch)----------------
targets -set -nocase -filter {name =~ "*microblaze*#0" && bscan=="USER2" }
con
----------------End of Script----------------

17:35:35 INFO  : Launch script is exported to file 'D:\FPGA\MicroBlaze_Button\MicroBlaze_Button1_vitis\.sdk\launch_scripts\single_application_debug\systemdebugger_button_system_standalone.tcl'
17:50:44 INFO  : Checking for BSP changes to sync application flags for project 'button'...
17:51:02 INFO  : Disconnected from the channel tcfchan#26.
17:51:02 INFO  : Connected to target on host '127.0.0.1' and port '3121'.
17:51:20 INFO  : ----------------XSDB Script----------------
connect -url tcp:127.0.0.1:3121
----------------End of Script----------------

17:51:20 ERROR : Could not find FPGA device on the board for connection 'Local'.


Troubleshooting hints:
1. Check whether board is connected to system properly.
2. In case of zynq board, check whether Digilent/Xilinx cable switch settings are correct.
3. If you are using Xilinx Platform Cable USB, ensure that status LED is green.
17:51:34 INFO  : Checking for BSP changes to sync application flags for project 'button'...
17:51:41 INFO  : Connected to target on host '127.0.0.1' and port '3121'.
17:51:41 INFO  : Jtag cable 'Digilent Basys3 210183B31B50A' is selected.
17:51:41 INFO  : 'jtag frequency' command is executed.
17:51:41 INFO  : 'targets -set -filter {jtag_cable_name =~ "Digilent Basys3 210183B31B50A" && level==0 && jtag_device_ctx=="jsn-Basys3-210183B31B50A-0362d093-0"}' command is executed.
17:51:42 INFO  : FPGA configured successfully with bitstream "D:/FPGA/MicroBlaze_Button/MicroBlaze_Button1_vitis/button/_ide/bitstream/design_MicroBlazeButton_wrapper.bit"
17:51:43 INFO  : Context for processor 'microblaze_0' is selected.
17:51:43 INFO  : Hardware design and registers information is loaded from 'D:/FPGA/MicroBlaze_Button/MicroBlaze_Button1_vitis/design_MicroBlazeButton_wrapper/export/design_MicroBlazeButton_wrapper/hw/design_MicroBlazeButton_wrapper.xsa'.
17:51:43 INFO  : 'configparams mdm-detect-bscan-mask 2' command is executed.
17:51:43 INFO  : Context for processor 'microblaze_0' is selected.
17:51:43 INFO  : System reset is completed.
17:51:46 INFO  : 'after 3000' command is executed.
17:51:46 INFO  : Context for processor 'microblaze_0' is selected.
17:51:46 INFO  : The application 'D:/FPGA/MicroBlaze_Button/MicroBlaze_Button1_vitis/button/Debug/button.elf' is downloaded to processor 'microblaze_0'.
17:51:46 INFO  : ----------------XSDB Script----------------
connect -url tcp:127.0.0.1:3121
targets -set -filter {jtag_cable_name =~ "Digilent Basys3 210183B31B50A" && level==0 && jtag_device_ctx=="jsn-Basys3-210183B31B50A-0362d093-0"}
fpga -file D:/FPGA/MicroBlaze_Button/MicroBlaze_Button1_vitis/button/_ide/bitstream/design_MicroBlazeButton_wrapper.bit
targets -set -nocase -filter {name =~ "*microblaze*#0" && bscan=="USER2" }
loadhw -hw D:/FPGA/MicroBlaze_Button/MicroBlaze_Button1_vitis/design_MicroBlazeButton_wrapper/export/design_MicroBlazeButton_wrapper/hw/design_MicroBlazeButton_wrapper.xsa -regs
configparams mdm-detect-bscan-mask 2
targets -set -nocase -filter {name =~ "*microblaze*#0" && bscan=="USER2" }
rst -system
after 3000
targets -set -nocase -filter {name =~ "*microblaze*#0" && bscan=="USER2" }
dow D:/FPGA/MicroBlaze_Button/MicroBlaze_Button1_vitis/button/Debug/button.elf
----------------End of Script----------------

17:51:46 INFO  : Context for processor 'microblaze_0' is selected.
17:51:46 INFO  : 'con' command is executed.
17:51:46 INFO  : ----------------XSDB Script (After Launch)----------------
targets -set -nocase -filter {name =~ "*microblaze*#0" && bscan=="USER2" }
con
----------------End of Script----------------

17:51:46 INFO  : Launch script is exported to file 'D:\FPGA\MicroBlaze_Button\MicroBlaze_Button1_vitis\.sdk\launch_scripts\single_application_debug\systemdebugger_button_system_standalone.tcl'
18:05:37 INFO  : Checking for BSP changes to sync application flags for project 'button'...
18:05:53 INFO  : Disconnected from the channel tcfchan#27.
18:05:53 INFO  : Connected to target on host '127.0.0.1' and port '3121'.
18:06:11 INFO  : ----------------XSDB Script----------------
connect -url tcp:127.0.0.1:3121
----------------End of Script----------------

18:06:11 ERROR : Could not find FPGA device on the board for connection 'Local'.


Troubleshooting hints:
1. Check whether board is connected to system properly.
2. In case of zynq board, check whether Digilent/Xilinx cable switch settings are correct.
3. If you are using Xilinx Platform Cable USB, ensure that status LED is green.
18:06:23 INFO  : Checking for BSP changes to sync application flags for project 'button'...
18:06:27 INFO  : Connected to target on host '127.0.0.1' and port '3121'.
18:06:45 INFO  : ----------------XSDB Script----------------
connect -url tcp:127.0.0.1:3121
----------------End of Script----------------

18:06:45 ERROR : Could not find FPGA device on the board for connection 'Local'.


Troubleshooting hints:
1. Check whether board is connected to system properly.
2. In case of zynq board, check whether Digilent/Xilinx cable switch settings are correct.
3. If you are using Xilinx Platform Cable USB, ensure that status LED is green.
18:07:26 INFO  : Checking for BSP changes to sync application flags for project 'button'...
18:07:30 INFO  : Connected to target on host '127.0.0.1' and port '3121'.
18:07:48 INFO  : ----------------XSDB Script----------------
connect -url tcp:127.0.0.1:3121
----------------End of Script----------------

18:07:48 ERROR : Could not find FPGA device on the board for connection 'Local'.


Troubleshooting hints:
1. Check whether board is connected to system properly.
2. In case of zynq board, check whether Digilent/Xilinx cable switch settings are correct.
3. If you are using Xilinx Platform Cable USB, ensure that status LED is green.
18:08:35 INFO  : Connected to target on host '127.0.0.1' and port '3121'.
18:08:53 INFO  : ----------------XSDB Script----------------
connect -url tcp:127.0.0.1:3121
----------------End of Script----------------

18:08:53 ERROR : Could not find FPGA device on the board for connection 'Local'.


Troubleshooting hints:
1. Check whether board is connected to system properly.
2. In case of zynq board, check whether Digilent/Xilinx cable switch settings are correct.
3. If you are using Xilinx Platform Cable USB, ensure that status LED is green.
18:10:33 INFO  : Connected to target on host '127.0.0.1' and port '3121'.
18:10:33 INFO  : Jtag cable 'Digilent Basys3 210183B31B50A' is selected.
18:10:33 INFO  : 'jtag frequency' command is executed.
18:10:33 INFO  : 'targets -set -filter {jtag_cable_name =~ "Digilent Basys3 210183B31B50A" && level==0 && jtag_device_ctx=="jsn-Basys3-210183B31B50A-0362d093-0"}' command is executed.
18:10:35 INFO  : FPGA configured successfully with bitstream "D:/FPGA/MicroBlaze_Button/MicroBlaze_Button1_vitis/button/_ide/bitstream/design_MicroBlazeButton_wrapper.bit"
18:10:35 INFO  : Context for processor 'microblaze_0' is selected.
18:10:35 INFO  : Hardware design and registers information is loaded from 'D:/FPGA/MicroBlaze_Button/MicroBlaze_Button1_vitis/design_MicroBlazeButton_wrapper/export/design_MicroBlazeButton_wrapper/hw/design_MicroBlazeButton_wrapper.xsa'.
18:10:35 INFO  : 'configparams mdm-detect-bscan-mask 2' command is executed.
18:10:35 INFO  : Context for processor 'microblaze_0' is selected.
18:10:35 INFO  : System reset is completed.
18:10:38 INFO  : 'after 3000' command is executed.
18:10:38 INFO  : Context for processor 'microblaze_0' is selected.
18:10:38 INFO  : The application 'D:/FPGA/MicroBlaze_Button/MicroBlaze_Button1_vitis/button/Debug/button.elf' is downloaded to processor 'microblaze_0'.
18:10:38 INFO  : ----------------XSDB Script----------------
connect -url tcp:127.0.0.1:3121
targets -set -filter {jtag_cable_name =~ "Digilent Basys3 210183B31B50A" && level==0 && jtag_device_ctx=="jsn-Basys3-210183B31B50A-0362d093-0"}
fpga -file D:/FPGA/MicroBlaze_Button/MicroBlaze_Button1_vitis/button/_ide/bitstream/design_MicroBlazeButton_wrapper.bit
targets -set -nocase -filter {name =~ "*microblaze*#0" && bscan=="USER2" }
loadhw -hw D:/FPGA/MicroBlaze_Button/MicroBlaze_Button1_vitis/design_MicroBlazeButton_wrapper/export/design_MicroBlazeButton_wrapper/hw/design_MicroBlazeButton_wrapper.xsa -regs
configparams mdm-detect-bscan-mask 2
targets -set -nocase -filter {name =~ "*microblaze*#0" && bscan=="USER2" }
rst -system
after 3000
targets -set -nocase -filter {name =~ "*microblaze*#0" && bscan=="USER2" }
dow D:/FPGA/MicroBlaze_Button/MicroBlaze_Button1_vitis/button/Debug/button.elf
----------------End of Script----------------

18:10:38 INFO  : Context for processor 'microblaze_0' is selected.
18:10:39 INFO  : 'con' command is executed.
18:10:39 INFO  : ----------------XSDB Script (After Launch)----------------
targets -set -nocase -filter {name =~ "*microblaze*#0" && bscan=="USER2" }
con
----------------End of Script----------------

18:10:39 INFO  : Launch script is exported to file 'D:\FPGA\MicroBlaze_Button\MicroBlaze_Button1_vitis\.sdk\launch_scripts\single_application_debug\systemdebugger_button_system_standalone.tcl'
18:11:36 INFO  : Disconnected from the channel tcfchan#28.
